PROCESSING 1: c_300097142_a2ebd812-00dd-451a-89b1-8ab9c2a8efcb - 3,4학년 음악(난타) (수요일 1~3교시) - 목동초등학교 : SUCCEED
PROCESSING 2: c_300097142_cbe2852a-21cf-4a1a-8b17-d28e6e6cbdfb - 1학년 연극 (목요일 3,4교시) - 설악중학교 : SUCCEED
PROCESSING 3: c_300097142_20878953-70b4-42c8-a635-f788d6f78335 - 1, 2학년 전래놀이 (목요일 1~4교시) - 가평마장초등학교 : SUCCEED
PROCESSING 4: c_300097142_897d443b-e559-4c38-9da3-55d6c42e7e32 - 1학년 합창 (월요일 1~3교시) - 청평중학교 : SUCCEED
PROCESSING 5: c_300097142_c4e3e1e7-9358-484a-9e3b-6ec530558f0b - 3학년 마술 (월요일 1,2교시) - 가평초등학교 : SUCCEED
PROCESSING 6: c_300097142_c4e3e1e7-9358-484a-9e3b-6ec530558f0b - 3학년 마술 (월요일 3,4교시) - 가평초등학교 : SUCCEED
PROCESSING 7: c_300097142_176de1df-8767-42a8-b8dc-f4e706716cb4 - 3학년 서예 (월요일 1~3교시) - 미원초등학교 : SUCCEED
PROCESSING 8: c_300097142_176de1df-8767-42a8-b8dc-f4e706716cb4 - 3학년 서예 (월요일 4~6교시) - 미원초등학교 : SUCCEED
PROCESSING 9: c_300097142_7b419c9b-d433-4d69-a38b-bb9604ad6ae2 - 3학년 리코더 (월요일 5,6교시) - 연하초등학교 : SUCCEED
PROCESSING 10: c_300097142_e4150d8c-af2c-4147-9411-9f5248f790ba - 2학년 음악(난타) (월요일 5, 7교시) - 청평고등학교 : SUCCEED
API Cooling Down for 10 Sec
PROCESSING 11: c_300097142_a4ce3876-fc8f-40da-8da3-05b75478b18f - 3학년 사물놀이 (화요일 1~4교시) - 청평초등학교 : SUCCEED
PROCESSING 12: c_300097142_6c4ff82c-5fab-4d66-bae7-954fd060e58a - 3학년 탈춤 (화요일 3,4교시) - 상면초등학교 : SUCCEED
PROCESSING 13: c_300097142_a4ce3876-fc8f-40da-8da3-05b75478b18f - 2학년 전통-전래놀이 (화요일 1~4교시) - 청평초등학교 : SUCCEED
PROCESSING 14: c_300097142_176de1df-8767-42a8-b8dc-f4e706716cb4 - 5학년 서예 (화요일 1~3교시) - 미원초등학교 : SUCCEED
PROCESSING 15: c_300097142_176de1df-8767-42a8-b8dc-f4e706716cb4 - 5학년 서예 (화요일 4~6교시) - 미원초등학교 : SUCCEED
PROCESSING 16: c_300097142_6c4ff82c-5fab-4d66-bae7-954fd060e58a - 4학년 연극 (화요일 3,4교시) - 상면초등학교 : SUCCEED
PROCESSING 17: c_300097142_c4e3e1e7-9358-484a-9e3b-6ec530558f0b - 2학년 음악(난타) (화요일 1,2교시) - 가평초등학교 : SUCCEED
PROCESSING 18: c_300097142_c4e3e1e7-9358-484a-9e3b-6ec530558f0b - 3학년 마술 (화요일 1,2교시) - 가평초등학교 : SUCCEED
PROCESSING 19: c_300097142_c4e3e1e7-9358-484a-9e3b-6ec530558f0b - 3학년 마술 (화요일 3,4교시) - 가평초등학교 : SUCCEED
PROCESSING 20: c_300097142_1c4e05b8-f911-4a9d-b51e-dc7775d9700b - 1학년 뮤지컬 (수요일 5,6교시) - 조종중학교 : SUCCEED
API Cooling Down for 10 Sec
PROCESSING 21: c_300097142_176de1df-8767-42a8-b8dc-f4e706716cb4 - 6학년 서예 (목요일 1~3교시) - 미원초등학교 : SUCCEED
PROCESSING 22: c_300097142_176de1df-8767-42a8-b8dc-f4e706716cb4 - 6학년 서예 (목요일 4~6교시) - 미원초등학교 : SUCCEED
PROCESSING 23: c_300097142_c4e3e1e7-9358-484a-9e3b-6ec530558f0b - 2학년 음악(난타) (목요일 1,2교시) - 가평초등학교 : SUCCEED
PROCESSING 24: c_300097142_0a3194c9-b0e8-461e-85f6-6a1ba9df16f9 - 1,2,3학년 사진 (금요일 5,6교시) - 가평중학교 : SUCCEED
PROCESSING 25: c_300097142_0a3194c9-b0e8-461e-85f6-6a1ba9df16f9 - 1,2,3학년 현악기(첼로) (금요일 5,6교시) - 가평중학교 : SUCCEED
PROCESSING 26: c_300097142_c4e3e1e7-9358-484a-9e3b-6ec530558f0b - 1학년 오카리나 (금요일 1,2교시) - 가평초등학교 : SUCCEED
PROCESSING 27: c_300097142_c4e3e1e7-9358-484a-9e3b-6ec530558f0b - 1학년 오카리나 (금요일 3,4교시) - 가평초등학교 : SUCCEED
PROCESSING 28: c_300097142_c4e3e1e7-9358-484a-9e3b-6ec530558f0b - 1학년 전래놀이 (금요일 1,2교시) - 가평초등학교 : SUCCEED
PROCESSING 29: c_300097142_176de1df-8767-42a8-b8dc-f4e706716cb4 - 1~5(혼합)학년 칼림바 (금요일 2,3교시) - 미원초등학교 : SUCCEED
PROCESSING 30: c_300097142_20878953-70b4-42c8-a635-f788d6f78335 - 3,4학년 전래놀이 (월요일 1~3교시) - 가평마장초등학교 : SUCCEED
API Cooling Down for 10 Sec
PROCESSING 31: c_300097142_26d68bea-feea-4d65-862e-ee3e1a886014 - 3학년 단소/전통악기(리코더) (월요일 4교시) - 대성초등학교_가평 : SUCCEED
PROCESSING 32: c_300097142_26d68bea-feea-4d65-862e-ee3e1a886014 - 4학년 단소/전통악기(리코더) (월요일 3교시) - 대성초등학교_가평 : SUCCEED
PROCESSING 33: c_300097142_26d68bea-feea-4d65-862e-ee3e1a886014 - 5학년 단소/전통악기 (화요일 3교시) - 대성초등학교_가평 : SUCCEED
PROCESSING 34: c_300097142_6c4ff82c-5fab-4d66-bae7-954fd060e58a - 5학년 융합(IT와 예술) (수요일 1~4교시) - 상면초등학교 : SUCCEED
PROCESSING 35: c_300097142_35871b76-a9ca-49d3-bd29-1bbde92d9a8d - 1,2,3학년 유튜브 (수요일 6,7교시) - 조종고등학교 : SUCCEED
PROCESSING 36: c_300097142_176de1df-8767-42a8-b8dc-f4e706716cb4 - 4학년 미술(서예) (월요일 1~3교시) - 미원초등학교 : SUCCEED
PROCESSING 37: c_300097142_a2ebd812-00dd-451a-89b1-8ab9c2a8efcb - 5,6학년 음악(난타) (수요일 1~3교시) - 목동초등학교 : SUCCEED
PROCESSING 38: c_300097142_7b419c9b-d433-4d69-a38b-bb9604ad6ae2 - 2학년 미술(도예) (목요일 2~4교시) - 연하초등학교 : SUCCEED
PROCESSING 39: c_300097142_7b419c9b-d433-4d69-a38b-bb9604ad6ae2 - 3학년 미술(서예) (목요일 1~3교시) - 연하초등학교 : SUCCEED
PROCESSING 40: c_300097142_7b419c9b-d433-4d69-a38b-bb9604ad6ae2 - 1학년 미술(도예) (금요일 2~4교시) - 연하초등학교 : SUCCEED
API Cooling Down for 10 Sec
PROCESSING 41: c_300097142_a4ce3876-fc8f-40da-8da3-05b75478b18f - 4학년 음악-합창(보컬) (월요일 1~4교시) - 청평초등학교 : SUCCEED
PROCESSING 42: c_300097142_a2ebd812-00dd-451a-89b1-8ab9c2a8efcb - 1,2학년 음악(난타) (수요일 1~3교시) - 목동초등학교 : SUCCEED
PROCESSING 43: c_300097142_176de1df-8767-42a8-b8dc-f4e706716cb4 - 2학년 탈춤 (금요일 1~3교시) - 미원초등학교 : SUCCEED
PROCESSING 44: c_300097142_8527fe5b-3b7c-408f-9359-bdbca53570a9 - 1학년 전래놀이 (수,금요일 1,2교시) - 율길초등학교 : SUCCEED
PROCESSING 45: c_300097142_0d09946b-d8a1-477c-8cf4-0109e1fa7d55 - 1학년 탈춤 (목,금요일 1~3교시) - 미원초등학교 장락분교장 : SUCCEED
PROCESSING 46: c_300097142_c4e3e1e7-9358-484a-9e3b-6ec530558f0b - 3학년 미술-조소/조각 (월요일 1~3교시) - 가평초등학교 : SUCCEED
PROCESSING 47: c_300097142_c4e3e1e7-9358-484a-9e3b-6ec530558f0b - 3학년 미술-조소/조각 (화요일 1~3교시) - 가평초등학교 : SUCCEED
PROCESSING 48: c_300097142_c4e3e1e7-9358-484a-9e3b-6ec530558f0b - 3학년 미술-조소/조각 (목요일 1~3교시) - 가평초등학교 : SUCCEED
PROCESSING 49: c_300097142_c4e3e1e7-9358-484a-9e3b-6ec530558f0b - 3학년 미술-조소/조각 (금요일 1~3교시) - 가평초등학교 : SUCCEED
PROCESSING 50: c_300097142_176de1df-8767-42a8-b8dc-f4e706716cb4 - 2학년 탈춤 (금요일 1~3교시) - 미원초등학교 : SUCCEED
API Cooling Down for 10 Sec
PROCESSING 51: c_300097142_af07234f-241e-45e0-9e8a-ea783f36aec6 - 3학년 미술(서예) (금요일 1~3교시) - 상천초등학교_가평 : SUCCEED
PROCESSING 52: c_300097142_af07234f-241e-45e0-9e8a-ea783f36aec6 - 4학년 미술(서예) (금요일 4~6교시) - 상천초등학교_가평 : SUCCEED
PROCESSING 53: c_300097142_c4e3e1e7-9358-484a-9e3b-6ec530558f0b - 4학년 미술(서예) (화요일 2~4교시) - 가평초등학교 : SUCCEED
PROCESSING 54: c_300097142_c4e3e1e7-9358-484a-9e3b-6ec530558f0b - 4학년 미술(서예) (수요일 1~3교시) - 가평초등학교 : SUCCEED
PROCESSING 55: c_300097142_c4e3e1e7-9358-484a-9e3b-6ec530558f0b - 4학년 미술(서예) (목요일 1~3교시) - 가평초등학교 : SUCCEED
PROCESSING 56: c_300097142_bed2948e-25d3-4626-807a-c978d8be5cbd - 2학년 세계무용 (화요일 1~3교시) - 상색초등학교 : SUCCEED
PROCESSING 57: c_300097142_bed2948e-25d3-4626-807a-c978d8be5cbd - 1학년 전래놀이 (목요일 1~3교시) - 상색초등학교 : SUCCEED
PROCESSING 58: c_300097142_c4e3e1e7-9358-484a-9e3b-6ec530558f0b - 5학년 웹툰 (목요일 1~3교시) - 가평초등학교 : SUCCEED
PROCESSING 59: c_300097142_c4e3e1e7-9358-484a-9e3b-6ec530558f0b - 5학년 웹툰 (금요일 1~3교시) - 가평초등학교 : SUCCEED
PROCESSING 60: c_300097142_c4e3e1e7-9358-484a-9e3b-6ec530558f0b - 2학년 음악(난타) (화요일 3,4교시) - 가평초등학교 : SUCCEED
API Cooling Down for 10 Sec
PROCESSING 61: c_300097142_c4e3e1e7-9358-484a-9e3b-6ec530558f0b - 5학년 IT와 예술 (화요일 1,2교시) - 가평초등학교 : SUCCEED
PROCESSING 62: c_300097142_c4e3e1e7-9358-484a-9e3b-6ec530558f0b - 5학년 IT와 예술 (화요일 3,4교시) - 가평초등학교 : SUCCEED
PROCESSING 63: c_300097142_c4e3e1e7-9358-484a-9e3b-6ec530558f0b - 5학년 IT와 예술 (화요일 5,6교시) - 가평초등학교 : SUCCEED
PROCESSING 64: c_300097142_c4e3e1e7-9358-484a-9e3b-6ec530558f0b - 2학년 음악(난타) (목요일 3,4교시) - 가평초등학교 : SUCCEED
PROCESSING 65: c_300097142_c4e3e1e7-9358-484a-9e3b-6ec530558f0b - 5학년 IT와 예술 (목요일 1,2교시) - 가평초등학교 : SUCCEED
PROCESSING 66: c_300097142_c4e3e1e7-9358-484a-9e3b-6ec530558f0b - 5학년 IT와 예술 (목요일 3,4교시) - 가평초등학교 : SUCCEED
PROCESSING 67: c_300097142_c4e3e1e7-9358-484a-9e3b-6ec530558f0b - 5학년 IT와 예술 (목요일 5,6교시) - 가평초등학교 : SUCCEED
PROCESSING 68: c_300097142_c4e3e1e7-9358-484a-9e3b-6ec530558f0b - 1학년 전래놀이 (금요일 3,4교시) - 가평초등학교 : SUCCEED
PROCESSING 69: c_300097142_26d68bea-feea-4d65-862e-ee3e1a886014 - 6학년 단소/전통악기 (화요일 4교시) - 대성초등학교_가평 : SUCCEED
PROCESSING 70: c_300097142_26d68bea-feea-4d65-862e-ee3e1a886014 - 1학년 리듬악기와 보컬 (목요일 1,2교시) - 대성초등학교_가평 : SUCCEED
API Cooling Down for 10 Sec
PROCESSING 71: c_300097142_26d68bea-feea-4d65-862e-ee3e1a886014 - 2학년 리듬악기와 보컬 (목요일 3,4교시) - 대성초등학교_가평 : SUCCEED
PROCESSING 72: c_300097142_176de1df-8767-42a8-b8dc-f4e706716cb4 - 4학년 미술(서예) (월요일 4~6교시) - 미원초등학교 : SUCCEED
PROCESSING 73: c_300097142_7b419c9b-d433-4d69-a38b-bb9604ad6ae2 - 5학년 미술(서예) (목요일 4~6교시) - 연하초등학교 : SUCCEED
PROCESSING 74: c_300097142_8527fe5b-3b7c-408f-9359-bdbca53570a9 - 2학년 전래놀이 (수,금요일 3,4교시) - 율길초등학교 : SUCCEED
PROCESSING 75: c_300097142_c4e3e1e7-9358-484a-9e3b-6ec530558f0b - 2학년 미술(도예) (화요일 1~3교시) - 가평초등학교 : SUCCEED
PROCESSING 76: c_300097142_c4e3e1e7-9358-484a-9e3b-6ec530558f0b - 2학년 미술(도예) (목요일 1~3교시) - 가평초등학교 : SUCCEED
PROCESSING 77: c_300097142_c4e3e1e7-9358-484a-9e3b-6ec530558f0b - 2학년 미술(도예) (수요일 1~3교시) - 가평초등학교 : SUCCEED
PROCESSING 78: c_300097142_c4e3e1e7-9358-484a-9e3b-6ec530558f0b - 2학년 미술(도예) (금요일 1~3교시) - 가평초등학교 : SUCCEED
PROCESSING 79: c_300097142_c4e3e1e7-9358-484a-9e3b-6ec530558f0b - 4학년 미술(서예) (월요일 1~3교시) - 가평초등학교 : SUCCEED
PROCESSING 80: c_300097142_20878953-70b4-42c8-a635-f788d6f78335 - 5, 6학년 전통-악기 (요일 1~3교시) - 가평마장초등학교 : SUCCEED
API Cooling Down for 10 Sec
PROCESSING 81: c_300097142_20878953-70b4-42c8-a635-f788d6f78335 - 5, 6학년 전통-악기 (요일 1~3교시) - 가평마장초등학교 : SUCCEED
PROCESSING 82: c_300097142_c4e3e1e7-9358-484a-9e3b-6ec530558f0b - 1학년 미술(도예) (화요일 2~4교시) - 가평초등학교 : SUCCEED
PROCESSING 83: c_300097142_c4e3e1e7-9358-484a-9e3b-6ec530558f0b - 1학년 미술(도예) (수요일 1~3교시) - 가평초등학교 : SUCCEED
PROCESSING 84: c_300097142_c4e3e1e7-9358-484a-9e3b-6ec530558f0b - 1학년 미술(도예) (목요일 1~3교시) - 가평초등학교 : SUCCEED
PROCESSING 85: c_300097142_c4e3e1e7-9358-484a-9e3b-6ec530558f0b - 1학년 미술(도예) (금요일 1~3교시) - 가평초등학교 : SUCCEED
PROCESSING 86: c_300097142_c4e3e1e7-9358-484a-9e3b-6ec530558f0b - 5학년 웹툰 (화요일 4~6교시) - 가평초등학교 : SUCCEED
PROCESSING 87: c_300097142_c4e3e1e7-9358-484a-9e3b-6ec530558f0b - 5학년 웹툰 (목요일 4~6교시) - 가평초등학교 : SUCCEED
PROCESSING 88: c_300097142_c4e3e1e7-9358-484a-9e3b-6ec530558f0b - 5학년 웹툰 (금요일 4~6교시) - 가평초등학교 : SUCCEED
PROCESSING 89: c_300097142_a4ce3876-fc8f-40da-8da3-05b75478b18f - 1학년 전통-전래놀이 (목요일 1~4교시) - 청평초등학교 : SUCCEED
PROCESSING 90: c_300097142_bed2948e-25d3-4626-807a-c978d8be5cbd - 4학년 서예 (화요일 1~3교시) - 상색초등학교 : SUCCEED
API Cooling Down for 10 Sec
PROCESSING 91: c_300097142_bed2948e-25d3-4626-807a-c978d8be5cbd - 6학년 서예 (화요일 4~6교시) - 상색초등학교 : SUCCEED
PROCESSING 92: c_300097142_bed2948e-25d3-4626-807a-c978d8be5cbd - 3학년 서예 (목요일 1~3교시) - 상색초등학교 : SUCCEED
PROCESSING 93: c_300097142_bed2948e-25d3-4626-807a-c978d8be5cbd - 5학년 서예 (목요일 4~6교시) - 상색초등학교 : SUCCEED
PROCESSING 94: c_300097142_af07234f-241e-45e0-9e8a-ea783f36aec6 - 1,2학년 전통-전래놀이 (금요일 2~4교시) - 상천초등학교_가평 : SUCCEED
PROCESSING 95: c_300097142_af07234f-241e-45e0-9e8a-ea783f36aec6 - 5,6학년 미술(목공) (월요일 2~4교시) - 상천초등학교_가평 : SUCCEED
PROCESSING 96: c_300097142_8527fe5b-3b7c-408f-9359-bdbca53570a9 - 1학년 미술-도예 (요일 3~5교시) - 율길초등학교 : SUCCEED
PROCESSING 97: c_300097142_a4ce3876-fc8f-40da-8da3-05b75478b18f - 6학년 무용-실용무용(댄스)-k-POP (목요일 1~6교시) - 청평초등학교 : SUCCEED
PROCESSING 98: c_300097142_a4ce3876-fc8f-40da-8da3-05b75478b18f - 5학년 음악-합창(보컬) (요일 1~6교시) - 청평초등학교 : SUCCEED
PROCESSING 99: c_300097142_c4e3e1e7-9358-484a-9e3b-6ec530558f0b - 4학년 마술 (월요일 1,2교시) - 가평초등학교 : SUCCEED
PROCESSING 100: c_300097142_c4e3e1e7-9358-484a-9e3b-6ec530558f0b - 4학년 마술 (월요일 3,4교시) - 가평초등학교 : SUCCEED
API Cooling Down for 10 Sec
PROCESSING 101: c_300097142_c4e3e1e7-9358-484a-9e3b-6ec530558f0b - 4학년 마술 (목요일 1,2교시) - 가평초등학교 : SUCCEED
PROCESSING 102: c_300097142_c4e3e1e7-9358-484a-9e3b-6ec530558f0b - 4학년 마술 (목요일 3,4교시) - 가평초등학교 : SUCCEED
PROCESSING 103: c_300097142_176de1df-8767-42a8-b8dc-f4e706716cb4 - 1학년 탈춤 (금요일 2~4교시) - 미원초등학교 : SUCCEED
PROCESSING 104: c_300097142_176de1df-8767-42a8-b8dc-f4e706716cb4 - 1학년 탈춤 (금요일 2~4교시) - 미원초등학교 : SUCCEED
PROCESSING 105: c_300097142_897d443b-e559-4c38-9da3-55d6c42e7e32 - 1학년 영상(제작)스마트폰 (월요일 1~6교시) - 청평중학교 : SUCCEED
PROCESSING 106: c_300097142_7d9b8bb7-d87d-4399-9f6d-14d024257572 - 미술-도예(화요일1~6교시/ 나래터) - 동광초등학교 : SUCCEED
PROCESSING 107: c_300097142_c6f88592-b626-418e-8499-08557026b11e - 서예(화요일1~6교시/도서실) - 구만초등학교 : SUCCEED
PROCESSING 108: c_300097142_c6f88592-b626-418e-8499-08557026b11e - 댄스(목요일1~6교시/도서실) - 구만초등학교 : SUCCEED
PROCESSING 109: c_300097142_c6f88592-b626-418e-8499-08557026b11e - 댄스(목요일1~6교시/도서실) - 구만초등학교 : SUCCEED
PROCESSING 110: c_300097142_178f7313-c47d-4a59-a09a-03cdd9e9c462 - 음악-난타(금요일1~2교시/방방누리관) - 방산초등학교 : SUCCEED
API Cooling Down for 10 Sec
PROCESSING 111: c_300097142_178f7313-c47d-4a59-a09a-03cdd9e9c462 - 연극-연극놀이(화요일1~2교시/방방누리관) - 방산초등학교 : SUCCEED
PROCESSING 112: c_300097142_178f7313-c47d-4a59-a09a-03cdd9e9c462 - 미술-회화(목요일1~2교시/1학년교실) - 방산초등학교 : SUCCEED
PROCESSING 113: c_300097142_178f7313-c47d-4a59-a09a-03cdd9e9c462 - 미술-액션페인팅(목요일1~3교시/3학년교실) - 방산초등학교 : SUCCEED
PROCESSING 114: c_300097142_178f7313-c47d-4a59-a09a-03cdd9e9c462 - 영상-유튜브(목요일1~3교시/6학년교실) - 방산초등학교 : SUCCEED
PROCESSING 115: c_300097142_178f7313-c47d-4a59-a09a-03cdd9e9c462 - 전통-전래놀이(월요일1~3교시/1학년교실) - 방산초등학교 : SUCCEED
PROCESSING 116: c_300097142_d57a4f9b-748e-40c9-8092-e84602006be5 - 영어뮤지컬(수요일1교시~4교시/수업분석실/체육관) - 거류초등학교 : SUCCEED
PROCESSING 117: c_300097142_95cc5662-c885-46bf-9753-d92868df39d2 - 무용댄스K-POP(목요일1~2교시/체육관) - 영오초등학교 : SUCCEED
PROCESSING 118: c_300097142_95cc5662-c885-46bf-9753-d92868df39d2 - 연극-뮤지컬(목요일3~4교시/체육관) - 영오초등학교 : SUCCEED
PROCESSING 119: c_300097142_95cc5662-c885-46bf-9753-d92868df39d2 - 연극-뮤지컬(목요일5~6교시/체육관) - 영오초등학교 : SUCCEED
PROCESSING 120: c_300097142_9bf08fbd-a5bf-4e04-81dd-662cb85fcc53 - 밴드(화요일2~4교시/강당) - 영오초등학교영현분교 : SUCCEED
API Cooling Down for 10 Sec
PROCESSING 121: c_300097142_83de1b3c-3623-4aa2-91cb-c6ce4bf6d42d - 사진(화요일2~4교시/교실) - 대성초등학교_고성 : SUCCEED
PROCESSING 122: c_300097142_83de1b3c-3623-4aa2-91cb-c6ce4bf6d42d - 사진(수요일2~4교시/교실) - 대성초등학교_고성 : SUCCEED
PROCESSING 123: c_300097142_83de1b3c-3623-4aa2-91cb-c6ce4bf6d42d - 사진(목요일2~4교시/교실) - 대성초등학교_고성 : SUCCEED
PROCESSING 124: c_300097142_83de1b3c-3623-4aa2-91cb-c6ce4bf6d42d - 영화(목요일2~4교시/교실) - 대성초등학교_고성 : SUCCEED
PROCESSING 125: c_300097142_83de1b3c-3623-4aa2-91cb-c6ce4bf6d42d - 전통사물놀이(수요일2~4교시/교실) - 대성초등학교_고성 : SUCCEED
PROCESSING 126: c_300097142_83de1b3c-3623-4aa2-91cb-c6ce4bf6d42d - 전통사물놀이(목요일2~4교시/교실) - 대성초등학교_고성 : SUCCEED
PROCESSING 127: c_300097142_83de1b3c-3623-4aa2-91cb-c6ce4bf6d42d - 전통사물놀이(금요일2~4교시/교실) - 대성초등학교_고성 : SUCCEED
PROCESSING 128: c_300097142_83de1b3c-3623-4aa2-91cb-c6ce4bf6d42d - 웹툰(화요일2교시~4교시/교실) - 대성초등학교_고성 : SUCCEED
PROCESSING 129: c_300097142_83de1b3c-3623-4aa2-91cb-c6ce4bf6d42d - 웹툰(수요일2교시~4교시/교실) - 대성초등학교_고성 : SUCCEED
PROCESSING 130: c_300097142_83de1b3c-3623-4aa2-91cb-c6ce4bf6d42d - 웹툰(목요일2교시~4교시/교실) - 대성초등학교_고성 : SUCCEED
API Cooling Down for 10 Sec
PROCESSING 131: c_300097142_ff3f8799-3ea7-4b52-9915-2267d7519ba4 - 무용-실용무용(금요일1~4교시/강당) - 삼산초등학교_고성 : SUCCEED
PROCESSING 132: c_300097142_47e14c4f-af24-4512-ae98-53a73d3c574c - 미술-도예(목요일1~6교시/ 미술실) - 상리초등학교 : SUCCEED
PROCESSING 133: c_300097142_413b03ec-1415-4ef4-909f-a9295f8ff14c - 4학년 유튜브 (금요일 1-4교시) - 내성초등학교 : SUCCEED
PROCESSING 134: c_300097142_413b03ec-1415-4ef4-909f-a9295f8ff14c - 2학년 전래놀이 (수요일 1-4교시) - 내성초등학교 : SUCCEED
PROCESSING 135: c_300097142_413b03ec-1415-4ef4-909f-a9295f8ff14c - 5학년 합창 (금요일 1-4교시) - 내성초등학교 : SUCCEED
PROCESSING 136: c_300097142_413b03ec-1415-4ef4-909f-a9295f8ff14c - 3학년 유튜브 (화요일 1-4교시) - 내성초등학교 : SUCCEED
PROCESSING 137: c_300097142_413b03ec-1415-4ef4-909f-a9295f8ff14c - 1학년 난타 (화요일 1-4교시) - 내성초등학교 : SUCCEED
PROCESSING 138: c_300097142_413b03ec-1415-4ef4-909f-a9295f8ff14c - 6학년 난타 (목요일 1-6교시) - 내성초등학교 : SUCCEED
PROCESSING 139: c_300097142_e6ed9069-2420-47de-9b2a-6a89f8a41755 - 1~6학년 디자인 (목요일 1~3교시) - 도촌초등학교 : SUCCEED
PROCESSING 140: c_300097142_e6ed9069-2420-47de-9b2a-6a89f8a41755 - 1~6학년 연극놀이 (목요일 1~6교시) - 도촌초등학교 : SUCCEED
API Cooling Down for 10 Sec
PROCESSING 141: c_300097142_98c1b072-22d9-4b67-b5a3-e00a0cdda3c9 - 5~6학년 미술-목공 (목요일 5,6교시) - 동양초등학교 : SUCCEED
PROCESSING 142: c_300097142_98c1b072-22d9-4b67-b5a3-e00a0cdda3c9 - 1~4학년 미술-공예 (목요일 1-4교시) - 동양초등학교 : SUCCEED
PROCESSING 143: c_300097142_fc92c29e-7173-4d98-8ac9-ca36eba5731f - 2~6학년 음악-합창 (목요일 1-4교시) - 명호초등학교 : SUCCEED
PROCESSING 144: c_300097142_22c7e58f-dee6-4d0e-b0b1-b0152a2d4609 - 3~6학년 유튜브 (화요일 1~4교시) - 물야초등학교 : SUCCEED
PROCESSING 145: c_300097142_22c7e58f-dee6-4d0e-b0b1-b0152a2d4609 - 1,2학년 타악기 (화요일 1,2교시) - 물야초등학교 : SUCCEED
PROCESSING 146: c_300097142_979e7bc4-2f38-436b-a7af-a70f2f5f34b3 - 1~6학년 합창 (화요일 1-4교시) - 법전중앙초등학교 : SUCCEED
PROCESSING 147: c_300097142_553d16f6-5c7c-4b54-a8ce-19c0fa5e3477 - 1~5학년 연극-뮤지컬 (화요일 1~6교시) - 봉성초등학교 : SUCCEED
PROCESSING 148: c_300097142_553d16f6-5c7c-4b54-a8ce-19c0fa5e3477 - 1~5학년 연극-뮤지컬 (수요일 1~6교시) - 봉성초등학교 : SUCCEED
PROCESSING 149: c_300097142_553d16f6-5c7c-4b54-a8ce-19c0fa5e3477 - 1~5학년 연극-뮤지컬 (목요일 1~8교시) - 봉성초등학교 : SUCCEED
PROCESSING 150: c_300097142_1d91b14b-2d02-4439-b417-c96abf16a79c - 3~6학년 미술-디자인 (화요일 1-4교시) - 상운초등학교 : SUCCEED
API Cooling Down for 10 Sec
PROCESSING 151: c_300097142_12aa6585-2129-4f36-9ada-bd0dc6646b4b - 1~6학년 타악기 (월요일 1-4교시) - 서벽초등학교 : SUCCEED
PROCESSING 152: c_300097142_a8e5b828-1e3b-4520-8018-da52bd1def65 - 1,2학년 전래놀이 (금요일 1~4교시) - 석포초등학교 : SUCCEED
PROCESSING 153: c_300097142_3a36967b-59f4-402e-98e8-421dd7e7b53f - 1, 3~6학년 전통-악기 (화요일 1-5교시) - 소천초등학교 : SUCCEED
PROCESSING 154: c_300097142_724a3dc8-e3d1-4ae8-83cb-593ceed8f0b9 - 2~6학년 음악-합창 (월요일 3,4교시) - 재산초등학교 : SUCCEED
PROCESSING 155: c_300097142_8f071940-9381-471d-8655-1b33b6f11af8 - 5,6학년 무용-실용무용(댄스) (목요일 1~4교시) - 춘양초등학교 : SUCCEED
PROCESSING 156: c_300097142_ebc82dec-d752-4eaa-843f-083086932e8d - 1,2학년 음악-우쿠렐레(금요일 2,3교시 / 각 반) - 소정초등학교 : SUCCEED
PROCESSING 157: c_300097142_ebc82dec-d752-4eaa-843f-083086932e8d - 1,2학년 음악-아카펠라(수요일 3,4교시 / 각 반) - 소정초등학교 : SUCCEED
PROCESSING 158: c_300097142_ebc82dec-d752-4eaa-843f-083086932e8d - 1,2학년 실험창작(수요일 1,2교시 / 각 반) - 소정초등학교 : SUCCEED
PROCESSING 159: c_300097142_ebc82dec-d752-4eaa-843f-083086932e8d - 6학년 영화(수요일 3,4교시 / 각 반) - 소정초등학교 : SUCCEED
PROCESSING 160: c_300097142_e5054ba8-6307-4671-b02f-4e8fc4a26a22 - 1학년 미술-공예(금요일 1,2교시 / 1학년 1반) - 연봉초등학교 : SUCCEED
API Cooling Down for 10 Sec
PROCESSING 161: c_300097142_4cac0aaf-b0b0-40b5-8c49-50165b67babc - 5,6학년 음악-현악기, 기타(수요일 1~4교시 / 각 반) - 의랑초등학교 : SUCCEED
PROCESSING 162: c_300097142_4cac0aaf-b0b0-40b5-8c49-50165b67babc - 5,6학년 미술-서예(화요일 1,2교시 / 각 반)  - 의랑초등학교 : SUCCEED
PROCESSING 163: c_300097142_4cac0aaf-b0b0-40b5-8c49-50165b67babc - 2학년 음악-아카펠라(금요일 1~4교시 / 각 반) - 의랑초등학교 : SUCCEED
PROCESSING 164: c_300097142_4cac0aaf-b0b0-40b5-8c49-50165b67babc - 1,2학년 미술(공예) (수요일 2-3교시 / 각 반) - 의랑초등학교 : SUCCEED
PROCESSING 165: c_300097142_acb1839b-345b-4210-898b-e18f331b7e2e - 3학년 무용-댄스(금요일 1~3교시 / 강당) - 조치원신봉초등학교 : SUCCEED
PROCESSING 166: c_300097142_acb1839b-345b-4210-898b-e18f331b7e2e - 4학년 무용-댄스(수요일 1~3교시 / 강당) - 조치원신봉초등학교 : SUCCEED
PROCESSING 167: c_300097142_acb1839b-345b-4210-898b-e18f331b7e2e - 6학년 1반 미술-목공(목요일 5,6교시 / 6학년 1반) - 조치원신봉초등학교 : SUCCEED
PROCESSING 168: c_300097142_acb1839b-345b-4210-898b-e18f331b7e2e - 6학년 2반 미술-목공(금요일 1,2교시 / 6학년 2반) - 조치원신봉초등학교 : SUCCEED
PROCESSING 169: c_300097142_acb1839b-345b-4210-898b-e18f331b7e2e - 6학년 3반 미술-목공(목요일 3,4교시 / 6학년 3반) - 조치원신봉초등학교 : SUCCEED
PROCESSING 170: c_300097142_acb1839b-345b-4210-898b-e18f331b7e2e - 1학년 1반 미술-목공(수요일 2,3교시 / 1학년 1반) - 조치원신봉초등학교 : SUCCEED
API Cooling Down for 10 Sec
PROCESSING 171: c_300097142_acb1839b-345b-4210-898b-e18f331b7e2e - 1학년 2반 미술-목공(수요일 4,5교시 / 1학년 2반) - 조치원신봉초등학교 : SUCCEED
PROCESSING 172: c_300097142_acb1839b-345b-4210-898b-e18f331b7e2e - 1학년 3반 미술-목공(금요일 1,2교시 / 1학년 3반) - 조치원신봉초등학교 : SUCCEED
PROCESSING 173: c_300097142_acb1839b-345b-4210-898b-e18f331b7e2e - 5학년 난타(금요일 2~4교시 / 음악실) - 조치원신봉초등학교 : SUCCEED
PROCESSING 174: c_300097142_5f17dd5a-175f-4d5a-a16b-611880aa7632 - 4학년 2반 풍물(목요일 1교시 / 4학년 2반)  - 금남초등학교 : SUCCEED
PROCESSING 175: c_300097142_5f17dd5a-175f-4d5a-a16b-611880aa7632 - 5학년 1반, 6학년 1반 뮤지컬 (화요일 5-6교시) - 금남초등학교 : SUCCEED
PROCESSING 176: c_300097142_a86672aa-86ed-48b8-b439-500c6f37fd2c - 6학년 1,2반 장구, 단소 (월요일 1~4교시)  - 연서초등학교 : SUCCEED
PROCESSING 177: c_300097142_a86672aa-86ed-48b8-b439-500c6f37fd2c - 3학년 2반 실용무용 (화요일 1,2교시 / 3학년 2반) - 연서초등학교 : SUCCEED
PROCESSING 178: c_300097142_a86672aa-86ed-48b8-b439-500c6f37fd2c - 3학년 1반 실용무용 (화요일 3,4교시 / 3학년 1반) - 연서초등학교 : SUCCEED
PROCESSING 179: c_300097142_a86672aa-86ed-48b8-b439-500c6f37fd2c - 4학년 1반 실용무용 (목요일 1,2교시 ) - 연서초등학교 : SUCCEED
PROCESSING 180: c_300097142_a86672aa-86ed-48b8-b439-500c6f37fd2c - 4학년 2반 실용무용 (목요일 3,4교시 )  - 연서초등학교 : SUCCEED
API Cooling Down for 10 Sec
PROCESSING 181: c_300097142_a86672aa-86ed-48b8-b439-500c6f37fd2c - 2학년 1반 합창 (월요일 1,2교시) - 연서초등학교 : SUCCEED
PROCESSING 182: c_300097142_a86672aa-86ed-48b8-b439-500c6f37fd2c - 2학년 2반 합창 (월요일 3,4교시) - 연서초등학교 : SUCCEED
PROCESSING 183: c_300097142_a86672aa-86ed-48b8-b439-500c6f37fd2c - 1학년 1반 합창 (수요일 1,2교시) - 연서초등학교 : SUCCEED
PROCESSING 184: c_300097142_a86672aa-86ed-48b8-b439-500c6f37fd2c - 1학년 2반 합창 (수요일 3,4교시) - 연서초등학교 : SUCCEED
PROCESSING 185: c_300097142_3125a6b4-d0a0-4d65-bae3-abbe261db27f - 5학년 1,2반 목공 (월요일 1,2교시 / 각 반) - 쌍류초등학교 : SUCCEED
PROCESSING 186: c_300097142_3125a6b4-d0a0-4d65-bae3-abbe261db27f - 3학년 목공 (월요일 3,4교시 / 각 반) - 쌍류초등학교 : SUCCEED
PROCESSING 187: c_300097142_3125a6b4-d0a0-4d65-bae3-abbe261db27f - 6학년 목공 (월요일 5,6교시 / 각 반) - 쌍류초등학교 : SUCCEED
PROCESSING 188: c_300097142_3125a6b4-d0a0-4d65-bae3-abbe261db27f - 1학년 목공 (목요일 1,2교시 /  목공수업실) - 쌍류초등학교 : SUCCEED
PROCESSING 189: c_300097142_3125a6b4-d0a0-4d65-bae3-abbe261db27f - 2학년 목공 (목요일 3,4교시 / 목공수업실) - 쌍류초등학교 : SUCCEED
PROCESSING 190: c_300097142_3125a6b4-d0a0-4d65-bae3-abbe261db27f - 4학년 목공 (목요일 5,6교시 / 목공수업실) - 쌍류초등학교 : SUCCEED
API Cooling Down for 10 Sec
PROCESSING 191: c_300097142_3125a6b4-d0a0-4d65-bae3-abbe261db27f - 2학년 만화 애니메이션 (월요일 1,2교시 / 각 반) - 쌍류초등학교 : SUCCEED
PROCESSING 192: c_300097142_3125a6b4-d0a0-4d65-bae3-abbe261db27f - 1학년 만화 애니메이션 (월요일 3,4교시 / 각 반) - 쌍류초등학교 : SUCCEED
PROCESSING 193: c_300097142_3125a6b4-d0a0-4d65-bae3-abbe261db27f - 5학년 1,2반 만화 애니메이션 (월요일 5,6교시 / 각 반) - 쌍류초등학교 : SUCCEED
PROCESSING 194: c_300097142_3125a6b4-d0a0-4d65-bae3-abbe261db27f - 4학년 만화 애니메이션 (목요일 1,2교시 / 각 반) - 쌍류초등학교 : SUCCEED
PROCESSING 195: c_300097142_3125a6b4-d0a0-4d65-bae3-abbe261db27f - 3학년 만화 애니메이션 (목요일 3,4교시 / 각 반) - 쌍류초등학교 : SUCCEED
PROCESSING 196: c_300097142_3125a6b4-d0a0-4d65-bae3-abbe261db27f - 6학년 만화 애니메이션 (목요일 5,6교시 / 각 반) - 쌍류초등학교 : SUCCEED
PROCESSING 197: c_300097142_616887f8-cc67-4cdd-9233-c9ac05f63d55 - 2학년 난타 (월요일 1,4교시 / 체육관) - 연남초등학교 : SUCCEED
PROCESSING 198: c_300097142_616887f8-cc67-4cdd-9233-c9ac05f63d55 - 1학년 난타 (월요일 2,3교시 / 체육관) - 연남초등학교 : SUCCEED
PROCESSING 199: c_300097142_616887f8-cc67-4cdd-9233-c9ac05f63d55 - 5학년 난타 (월요일 5교시 / 체육관) - 연남초등학교 : SUCCEED
PROCESSING 200: c_300097142_616887f8-cc67-4cdd-9233-c9ac05f63d55 - 6학년 난타 (월요일 6교시 / 체육관) - 연남초등학교 : SUCCEED
API Cooling Down for 10 Sec
PROCESSING 201: c_300097142_616887f8-cc67-4cdd-9233-c9ac05f63d55 - 3~4학년 미술액션페인팅 (수요일 1,2교시 / 각 교실) - 연남초등학교 : SUCCEED
PROCESSING 202: c_300097142_616887f8-cc67-4cdd-9233-c9ac05f63d55 - 4~5학년 미술액션페인팅 (수요일 1,2교시 / 각 교실)  - 연남초등학교 : SUCCEED
PROCESSING 203: c_300097142_083a6216-ca6c-44bc-a9f0-f8716bd3c093 - 2학년 1반 연극놀이 (월요일 3,4교시) - 연동초등학교 : SUCCEED
PROCESSING 204: c_300097142_083a6216-ca6c-44bc-a9f0-f8716bd3c093 - 1학년 1반 연극놀이 (화요일 2교시) - 연동초등학교 : SUCCEED
PROCESSING 205: c_300097142_083a6216-ca6c-44bc-a9f0-f8716bd3c093 - 4학년 1반 연극놀이 (화요일 3,4교시) - 연동초등학교 : SUCCEED
PROCESSING 206: c_300097142_1a9b8b46-606d-40f3-9f44-1654621b04ae - 1학년 연극놀이 (목요일 1교시 / 동아리) - 수왕초등학교 : SUCCEED
PROCESSING 207: c_300097142_1a9b8b46-606d-40f3-9f44-1654621b04ae - 2학년 연극놀이 (목요일 2교시 / 동아리) - 수왕초등학교 : SUCCEED
PROCESSING 208: c_300097142_1a9b8b46-606d-40f3-9f44-1654621b04ae - 3학년 연극놀이 (목요일 3교시 / 동아리) - 수왕초등학교 : SUCCEED
PROCESSING 209: c_300097142_1a9b8b46-606d-40f3-9f44-1654621b04ae - 4학년 연극놀이 (목요일 4교시 / 동아리) - 수왕초등학교 : SUCCEED
PROCESSING 210: c_300097142_1a9b8b46-606d-40f3-9f44-1654621b04ae - 5학년 연극놀이 (목요일 5교시 / 동아리) - 수왕초등학교 : SUCCEED
API Cooling Down for 10 Sec
PROCESSING 211: c_300097142_1a9b8b46-606d-40f3-9f44-1654621b04ae - 6학년 연극놀이 (목요일 6교시 / 동아리) - 수왕초등학교 : SUCCEED
PROCESSING 212: c_300097142_b8e9b3ad-50ac-4eed-9687-989b3455acc0 - 1학년 미술-도예 (금요일 1,2교시 / 각 반) - 감성초등학교 : SUCCEED
PROCESSING 213: c_300097142_b8e9b3ad-50ac-4eed-9687-989b3455acc0 - 3학년 미술-도예 (금요일 3,4교시 / 각 반) - 감성초등학교 : SUCCEED
PROCESSING 214: c_300097142_b8e9b3ad-50ac-4eed-9687-989b3455acc0 - 5학년 미술-도예 (금요일 5,6교시 / 각 반) - 감성초등학교 : SUCCEED
PROCESSING 215: c_300097142_1df81d4e-c481-4a12-bab7-7fc3bebd535e - 4학년 1,2반, 3학년 1,2반 장구 (수요일 1~4교시 / 각 교실) - 부강초등학교 : SUCCEED
PROCESSING 216: c_300097142_d82dd75e-6bb7-458b-8362-976b8e8fbe11 - 3학년 한국무용 (화요일 1~3교시 / 음악실, 각 반) - 세종도원초등학교 : SUCCEED
PROCESSING 217: c_300097142_d82dd75e-6bb7-458b-8362-976b8e8fbe11 - 3학년 한국무용 (수요일 1~2교시 / 음악실, 각 반) - 세종도원초등학교 : SUCCEED
PROCESSING 218: c_300097142_d82dd75e-6bb7-458b-8362-976b8e8fbe11 - 3학년 한국무용 (목요일 1~3교시 / 음악실, 각 반) - 세종도원초등학교 : SUCCEED
PROCESSING 219: c_300097142_d82dd75e-6bb7-458b-8362-976b8e8fbe11 - 3학년 한국무용 (금요일 1~2교시 / 음악실, 각 반) - 세종도원초등학교 : SUCCEED
PROCESSING 220: c_300097142_d82dd75e-6bb7-458b-8362-976b8e8fbe11 - 2학년 전래놀이 (월요일 3,4교시 / 각 반) - 세종도원초등학교 : SUCCEED
API Cooling Down for 10 Sec
PROCESSING 221: c_300097142_d82dd75e-6bb7-458b-8362-976b8e8fbe11 - 2학년 전래놀이 (화요일 1~5교시 / 각 반) - 세종도원초등학교 : SUCCEED
PROCESSING 222: c_300097142_d82dd75e-6bb7-458b-8362-976b8e8fbe11 - 2학년 전래놀이 (수요일 1~5교시 / 각 반) - 세종도원초등학교 : SUCCEED
PROCESSING 223: c_300097142_d82dd75e-6bb7-458b-8362-976b8e8fbe11 - 1학년 1반 연극놀이 (목요일 1교시) - 세종도원초등학교 : SUCCEED
PROCESSING 224: c_300097142_d82dd75e-6bb7-458b-8362-976b8e8fbe11 - 1학년 2반 연극놀이 (목요일 2교시) - 세종도원초등학교 : SUCCEED
PROCESSING 225: c_300097142_d82dd75e-6bb7-458b-8362-976b8e8fbe11 - 1학년 3반 연극놀이 (목요일 3교시) - 세종도원초등학교 : SUCCEED
PROCESSING 226: c_300097142_d82dd75e-6bb7-458b-8362-976b8e8fbe11 - 1학년 4반 연극놀이 (목요일 4교시) - 세종도원초등학교 : SUCCEED
PROCESSING 227: c_300097142_d82dd75e-6bb7-458b-8362-976b8e8fbe11 - 1학년 5반 연극놀이 (목요일 5교시) - 세종도원초등학교 : SUCCEED
PROCESSING 228: c_300097142_d82dd75e-6bb7-458b-8362-976b8e8fbe11 - 5학년 4반 연극놀이 (목요일 6교시) - 세종도원초등학교 : SUCCEED
PROCESSING 229: c_300097142_d02a80b4-b098-4602-92af-1acaec3d8c17 - 6학년 1,2반 디자인 (화요일 1~4교시 / 각 반) - 조치원교동초등학교 : SUCCEED
PROCESSING 230: c_300097142_d02a80b4-b098-4602-92af-1acaec3d8c17 - 4학년 1,2반 라인댄스 (금요일 1~4교시) - 조치원교동초등학교 : SUCCEED
API Cooling Down for 10 Sec
PROCESSING 231: c_300097142_d02a80b4-b098-4602-92af-1acaec3d8c17 - 5학년 1.2반 공예 (화요일 3~4교시 / 각 교실) - 조치원교동초등학교 : SUCCEED
PROCESSING 232: c_300097142_2794f11d-f4a0-4888-ab61-f2b5a26c4872 - 미술-액션페인팅 (목요일 5,6교시 / 동아리) - 연동중학교 : SUCCEED
PROCESSING 233: c_300097142_2794f11d-f4a0-4888-ab61-f2b5a26c4872 - 미술-공예 (금요일 2~4교시) - 연동중학교 : SUCCEED
PROCESSING 234: c_300097142_2794f11d-f4a0-4888-ab61-f2b5a26c4872 - 음악-난타 (금요일 5~7교시) - 연동중학교 : SUCCEED
PROCESSING 235: c_300097142_3e239deb-be37-4010-bad3-0e206deba92e - 1~3학년 사진 (수요일 3,4교시 / 과학실) - 황둔중학교 : SUCCEED
PROCESSING 236: c_300097142_3e239deb-be37-4010-bad3-0e206deba92e - 1~3학년 밴드 (수요일 3,4교시 / 음악실) - 황둔중학교 : SUCCEED
PROCESSING 237: c_300097142_73e47ba6-f892-460c-b7d0-bab75d6d32d9 - 1학년 마술 (수요일 2,3교시 / 교실) - 신림중학교 : SUCCEED
PROCESSING 238: c_300097142_17d8f17c-402a-4460-89a1-818f8f3b4e47 - 3학년 밴드 (금요일 3,4교시 / 밴드실) - 귀래중학교 : SUCCEED
PROCESSING 239: c_300097142_fcf6d2f5-5a83-4afc-8e81-5612cd3e486f - 1~6학년 사물놀이 (화요일 1~6교시 / 밴드실) - 귀래초등학교 : SUCCEED
PROCESSING 240: c_300097142_d5391b1f-af5e-4124-b69d-513b92634211 - 1,2학년 뮤지컬 (수요일 1,2교시 / 체육관) - 반계초등학교 : SUCCEED
API Cooling Down for 10 Sec
PROCESSING 241: c_300097142_d5391b1f-af5e-4124-b69d-513b92634211 - 3,4학년 댄스 (금요일 5,6교시 / 체육관) - 반계초등학교 : SUCCEED
PROCESSING 242: c_300097142_d5391b1f-af5e-4124-b69d-513b92634211 - 1,2학년 공예 (금요일 1,2교시 / 과학실) - 반계초등학교 : SUCCEED
PROCESSING 243: c_300097142_d5391b1f-af5e-4124-b69d-513b92634211 - 5,6학년 영화 (월요일 1,2교시 / 과학실) - 반계초등학교 : SUCCEED
PROCESSING 244: c_300097142_a5f335da-3ce0-4688-934f-bfa2d3f8065a - 5학년 합창 (화요일 1~4교시 / 교실) - 문막초등학교 : SUCCEED
PROCESSING 245: c_300097142_a5f335da-3ce0-4688-934f-bfa2d3f8065a - 1~3학년 전래놀이 (월요일 2~5교시 / 돌봄교실) - 문막초등학교 : SUCCEED
PROCESSING 246: c_300097142_a5f335da-3ce0-4688-934f-bfa2d3f8065a - 1~3학년 마술 (화요일 1~6교시 / 교실) - 문막초등학교 : SUCCEED
PROCESSING 247: c_300097142_a5f335da-3ce0-4688-934f-bfa2d3f8065a - 1~3학년 도예 (월,화요일 1~6교시 / 기술실) - 문막초등학교 : SUCCEED
PROCESSING 248: c_300097142_a5f335da-3ce0-4688-934f-bfa2d3f8065a - 5학년 단소 (목요일 1~6교시 /협의실) - 문막초등학교 : SUCCEED
PROCESSING 249: c_300097142_a5f335da-3ce0-4688-934f-bfa2d3f8065a - 6학년 연극 (화요일 1~6교시 / 협의실) - 문막초등학교 : SUCCEED
PROCESSING 250: c_300097142_a5f335da-3ce0-4688-934f-bfa2d3f8065a - 6학년 소금 (월요일 1~6교시 / 협의실) - 문막초등학교 : SUCCEED
API Cooling Down for 10 Sec
PROCESSING 251: c_300097142_ed8f4ce2-99d9-4d56-a007-a9d49f3248fd - 1~6학년 민요 (목요일 1~6교시 / 음악실) - 비두초등학교 : SUCCEED
PROCESSING 252: c_300097142_7c35ef05-d32b-44d1-bcf6-4a090c953939 - 1~6학년 합창 (목요일 1~6교시 / 음악실) - 소초초등학교 : SUCCEED
PROCESSING 253: c_300097142_7c35ef05-d32b-44d1-bcf6-4a090c953939 - 1~6학년 애니매이션 (수요일 1~6교시 / 교실) - 소초초등학교 : SUCCEED
PROCESSING 254: c_300097142_31c77278-19b8-4afb-8bbd-549eabe8205d - 1~6학년 도예 (금요일 1~6교시 / 교실) - 둔둔초등학교 : SUCCEED
PROCESSING 255: c_300097142_e6b747d5-5a35-4320-9e67-653fccc7643e - 1~3학년 댄스 (월요일 3,4교시 / 멀티미디어실) - 황둔초등학교 : SUCCEED
PROCESSING 256: c_300097142_e6b747d5-5a35-4320-9e67-653fccc7643e - 4~6학년 영화 (월요일 5,6교시 / 멀티미디어실) - 황둔초등학교 : SUCCEED
PROCESSING 257: c_300097142_e6b747d5-5a35-4320-9e67-653fccc7643e - 1~6학년 사진 (목,금요일 2~4교시 / 교실) - 황둔초등학교 : SUCCEED
PROCESSING 258: c_300097142_508e074d-14d1-48fb-b492-8e5636792438 - 1~6학년 공예 (월요일 1~6교시 / 컴퓨터실) - 고산초등학교_원주 : SUCCEED
PROCESSING 259: c_300097142_da6e0bbf-7314-4012-944d-c20166264b2e - 4~6학년 댄스 (화요일 1~4교시 / 체육관) - 호저초등학교 : SUCCEED
PROCESSING 260: c_300097142_3e7f31db-aad3-4446-b7fa-68b2e02868fe - 1~3학년 만화 (수요일 2~4교시 / 교실) - 금대초등학교 : SUCCEED
API Cooling Down for 10 Sec
PROCESSING 261: c_300097142_68229302-2af8-4973-a1eb-49710dc3e309 - 1,2학년 만화 (수요일 1~4교시 / 교실) - 만종초등학교 : SUCCEED
PROCESSING 262: c_300097142_678c7c54-f421-444e-9d00-8e3164d2366b - 1학년 연극-연극놀이 (목요일 1~2교시) - 남신초등학교 : SUCCEED
PROCESSING 263: c_300097142_678c7c54-f421-444e-9d00-8e3164d2366b - 2학년 연극-연극놀이 (금요일 1~3교시) - 남신초등학교 : SUCCEED
PROCESSING 264: c_300097142_678c7c54-f421-444e-9d00-8e3164d2366b - 6학년 음악-밴드-KPOP (목요일 1~2교시) - 남신초등학교 : SUCCEED
PROCESSING 265: c_300097142_75bcea03-f5d3-450c-9af9-bc96f90c9617 - 4학년 음악-합창 (화요일 1~6교시) - 동성초등학교 : SUCCEED
PROCESSING 266: c_300097142_75bcea03-f5d3-450c-9af9-bc96f90c9617 - 6학년 전통-악기(장구) (화요일 1~6교시) - 동성초등학교 : SUCCEED
PROCESSING 267: c_300097142_75bcea03-f5d3-450c-9af9-bc96f90c9617 - 2학년 전통-전래놀이 (화요일 1~5교시) - 동성초등학교 : SUCCEED
PROCESSING 268: c_300097142_75bcea03-f5d3-450c-9af9-bc96f90c9617 - 4학년 전통-탈춤 (월요일 1~6교시) - 동성초등학교 : SUCCEED
PROCESSING 269: c_300097142_75bcea03-f5d3-450c-9af9-bc96f90c9617 - 4학년 전통-탈춤 (월요일 1~6교시) - 동성초등학교 : SUCCEED
PROCESSING 270: c_300097142_38e592aa-e382-4e13-a948-952f242e0cc0 - 2학년 만화 (수요일 1~2교시) - 맹동초등학교 : SUCCEED
API Cooling Down for 10 Sec
PROCESSING 271: c_300097142_1f2d5b7a-9176-4fa3-b9fd-21ad6a76d10c - 4학년 무용-실용무용 (수요일 3~4교시) - 쌍봉초등학교 : SUCCEED
PROCESSING 272: c_300097142_1f2d5b7a-9176-4fa3-b9fd-21ad6a76d10c - 3학년 무용-실용무용 (수요일 1~2교시) - 쌍봉초등학교 : SUCCEED
PROCESSING 273: c_300097142_1f2d5b7a-9176-4fa3-b9fd-21ad6a76d10c - 4학년 무용-실용무용 (수요일 4~6교시) - 쌍봉초등학교 : SUCCEED
PROCESSING 274: c_300097142_1f2d5b7a-9176-4fa3-b9fd-21ad6a76d10c - 3학년 무용-실용무용 (수요일 1~3교시) - 쌍봉초등학교 : SUCCEED
PROCESSING 275: c_300097142_1f2d5b7a-9176-4fa3-b9fd-21ad6a76d10c - 1,2학년 음악-난타 (목요일 1~3교시) - 쌍봉초등학교 : SUCCEED
PROCESSING 276: c_300097142_1f2d5b7a-9176-4fa3-b9fd-21ad6a76d10c - 5,6학년 전통-사물놀이 (수요일 5~6교시) - 쌍봉초등학교 : SUCCEED
PROCESSING 277: c_300097142_80654ea5-2dcf-4d90-af76-42fa2a5ab13f - 1~5학년 무용-실용무용 (월요일 1~6교시) - 오갑초등학교 : SUCCEED
PROCESSING 278: c_300097142_e06efb0f-1ffe-474d-9f24-b3cbd2d0a442 - 3~6학년 무용-실용무용 (금요일 1~3교시) - 원남초등학교 : SUCCEED
PROCESSING 279: c_300097142_e06efb0f-1ffe-474d-9f24-b3cbd2d0a442 - 5,6학년 미술 - 서예 (목요일 1~4교시) - 원남초등학교 : SUCCEED
PROCESSING 280: c_300097142_e06efb0f-1ffe-474d-9f24-b3cbd2d0a442 - 3,4학년 연극-연극놀이 (수요일 1~2교시) - 원남초등학교 : SUCCEED
API Cooling Down for 10 Sec
PROCESSING 281: c_300097142_e06efb0f-1ffe-474d-9f24-b3cbd2d0a442 - 1,2학년 연극-연극놀이 (목요일 1~4교시) - 원남초등학교 : SUCCEED
PROCESSING 282: c_300097142_e06efb0f-1ffe-474d-9f24-b3cbd2d0a442 - 3,4학년 연극-연극놀이 (금요일 1~2교시) - 원남초등학교 : SUCCEED
PROCESSING 283: c_300097142_76794fe3-bf7c-4e3f-a6bb-c04178673619 - 3학년 음악-합창 (화요일 1~3교시) - 음성여중학교 : SUCCEED
PROCESSING 284: c_300097142_76794fe3-bf7c-4e3f-a6bb-c04178673619 - 1학년 전통-탈춤 (목요일 1~3교시) - 음성여중학교 : SUCCEED
PROCESSING 285: c_300097142_a5e98321-59ad-4920-a7a2-2769b0f796b9 - 3학년 미술-서예 (월요일 2~4교시) - 음성중학교 : SUCCEED
PROCESSING 286: c_300097142_a5e98321-59ad-4920-a7a2-2769b0f796b9 - 3학년 미술-서예 (월요일 2~4교시) - 음성중학교 : SUCCEED
PROCESSING 287: c_300097142_a5e98321-59ad-4920-a7a2-2769b0f796b9 - 2학년 미술-서예 (화요일 2~4교시) - 음성중학교 : SUCCEED
PROCESSING 288: c_300097142_a5e98321-59ad-4920-a7a2-2769b0f796b9 - 2학년 미술-서예 (화요일 2~4교시) - 음성중학교 : SUCCEED
PROCESSING 289: c_300097142_a5e98321-59ad-4920-a7a2-2769b0f796b9 - 2학년 미술-액션페인팅 (화요일 2~4교시) - 음성중학교 : SUCCEED
PROCESSING 290: c_300097142_a5e98321-59ad-4920-a7a2-2769b0f796b9 - 2학년 미술-액션페인팅 (화요일 2~4교시) - 음성중학교 : SUCCEED
API Cooling Down for 10 Sec
PROCESSING 291: c_300097142_a5e98321-59ad-4920-a7a2-2769b0f796b9 - 1학년 연극-뮤지컬 (금요일 5~6교시) - 음성중학교 : SUCCEED
PROCESSING 292: c_300097142_a5e98321-59ad-4920-a7a2-2769b0f796b9 - 1학년 연극-뮤지컬 (금요일 5~6교시) - 음성중학교 : SUCCEED
PROCESSING 293: c_300097142_a5e98321-59ad-4920-a7a2-2769b0f796b9 - 3학년 전통-전래놀이 (월요일 1~4교시) - 음성중학교 : SUCCEED
PROCESSING 294: c_300097142_a5e98321-59ad-4920-a7a2-2769b0f796b9 - 3학년 전통-전래놀이 (월요일 1~4교시) - 음성중학교 : SUCCEED
PROCESSING 295: c_300097142_f992bab3-9dbe-4960-8dc0-5e5bc46e73cd - 1~3학년 미술-도예 (화요일 2~5교시) - 청룡초등학교_음성 : SUCCEED
PROCESSING 296: c_300097142_f992bab3-9dbe-4960-8dc0-5e5bc46e73cd - 4~6학년 연극-연극놀이 (월요일 1~6교시) - 청룡초등학교_음성 : SUCCEED
PROCESSING 297: c_300097142_497e9563-387a-4c34-bd80-843c48b88bab - 5,6학년 뮤지컬 (화요일 5~6교시) - 평곡초등학교 : SUCCEED
PROCESSING 298: c_300097142_5cc9613c-f457-4ac9-a4cf-023f38143b8b - 1,2,3학년 영상-유튜브(월요일 1교시 / 교실) - 화산중학교 : SUCCEED
PROCESSING 299: c_300097142_8220a2b5-0f25-4b5d-9f3d-bcbe23c6bf67 - 1,2학년 연극 (목요일 1교시 / 교실) - 우수영초등학교 : SUCCEED
PROCESSING 300: c_300097142_8220a2b5-0f25-4b5d-9f3d-bcbe23c6bf67 - 3,4학년 K-POP (목요일 5교시 / 강당) - 우수영초등학교 : SUCCEED
API Cooling Down for 10 Sec
PROCESSING 301: c_300097142_8220a2b5-0f25-4b5d-9f3d-bcbe23c6bf67 - 3,4학년 연극(화요일 1교시 / 강당) - 우수영초등학교 : SUCCEED
PROCESSING 302: c_300097142_ba7e1d48-03b5-4dab-bcd1-dfc07ab2fb84 - 1~2학년 합창 (화요일 1교시 / 강당) - 산이초등학교 : SUCCEED
PROCESSING 303: c_300097142_ba7e1d48-03b5-4dab-bcd1-dfc07ab2fb84 - 3~4학년 합창 (화요일 3교시 / 강당) - 산이초등학교 : SUCCEED
PROCESSING 304: c_300097142_ba7e1d48-03b5-4dab-bcd1-dfc07ab2fb84 - 5~6학년 합창 (화요일 5교시 / 강당) - 산이초등학교 : SUCCEED
PROCESSING 305: c_300097142_57520bed-e187-4cf7-977c-9126fde381af - 1~2학년 연극 (화요일 1교시 / 강당) - 화산초등학교 : SUCCEED
PROCESSING 306: c_300097142_57520bed-e187-4cf7-977c-9126fde381af - 3~4학년 연극 (화요일 3교시 / 강당) - 화산초등학교 : SUCCEED
PROCESSING 307: c_300097142_57520bed-e187-4cf7-977c-9126fde381af - 5~6학년 연극 (화요일 5교시 / 강당) - 화산초등학교 : SUCCEED
PROCESSING 308: c_300097142_ac9b9b86-3e0c-4f11-8ee1-0c53828700f3 - 3,4학년 뮤지컬(목요일 1교시 / 강당) - 현산초등학교 : SUCCEED
PROCESSING 309: c_300097142_ac9b9b86-3e0c-4f11-8ee1-0c53828700f3 - 5,6학년 뮤지컬(목요일 4교시 / 강당) - 현산초등학교 : SUCCEED
PROCESSING 310: c_300097142_1c4ec34f-c57e-402d-aae6-3191bbf666f4 - 1~3학년 합창(월요일 1교시 / 강당) - 송호초등학교 : SUCCEED
API Cooling Down for 10 Sec
PROCESSING 311: c_300097142_1c4ec34f-c57e-402d-aae6-3191bbf666f4 - 4~6학년 합창(월요일 4교시 / 강당) - 송호초등학교 : SUCCEED
PROCESSING 312: c_300097142_4cc783f5-0c30-4dd3-9f0e-19cd65d7ef45 - 3,4학년 뮤지컬(목요일 1교시 / 강당) - 마산초등학교_해남 : SUCCEED
PROCESSING 313: c_300097142_4cc783f5-0c30-4dd3-9f0e-19cd65d7ef45 - 5,6학년 뮤지컬(목요일 4교시 / 강당) - 마산초등학교_해남 : SUCCEED
PROCESSING 314: c_300097142_fb71379d-50c9-45d9-8b61-adea9e0fe04f - 1~3학년 뮤지컬(월요일 1교시 / 강당) - 화원초등학교 : SUCCEED
PROCESSING 315: c_300097142_fb71379d-50c9-45d9-8b61-adea9e0fe04f - 4~5학년 뮤지컬(월요일 3교시 / 강당) - 화원초등학교 : SUCCEED
PROCESSING 316: c_300097142_fb71379d-50c9-45d9-8b61-adea9e0fe04f - 6학년 뮤지컬(월요일 5교시 / 강당) - 화원초등학교 : SUCCEED
PROCESSING 317: c_300097142_da0384e0-b8db-4adc-851a-e3cdc849d79c - 1~2학년 뮤지컬 (목요일 1교시 / 강당) - 옥천초등학교 : SUCCEED
PROCESSING 318: c_300097142_da0384e0-b8db-4adc-851a-e3cdc849d79c - 3~4학년 뮤지컬 (목요일 3교시 / 강당) - 옥천초등학교 : SUCCEED
PROCESSING 319: c_300097142_da0384e0-b8db-4adc-851a-e3cdc849d79c - 5학년 뮤지컬 (목요일 1교시 / 교실) - 옥천초등학교 : SUCCEED
PROCESSING 320: c_300097142_da0384e0-b8db-4adc-851a-e3cdc849d79c - 6학년 뮤지컬 (목요일 3교시 / 교실) - 옥천초등학교 : SUCCEED
API Cooling Down for 10 Sec
PROCESSING 321: c_300097142_0ccdba1d-ea7d-4472-990f-7374f76984e0 - 1,2학년 연극(화요일 1교시 / 교실) - 서정초등학교 : SUCCEED
PROCESSING 322: c_300097142_0ccdba1d-ea7d-4472-990f-7374f76984e0 - 3학년 연극(화요일 3교시 / 교실) - 서정초등학교 : SUCCEED
PROCESSING 323: c_300097142_0ccdba1d-ea7d-4472-990f-7374f76984e0 - 3,4학년 미술(월요일 1교시 / 교실) - 서정초등학교 : SUCCEED
PROCESSING 324: c_300097142_0ccdba1d-ea7d-4472-990f-7374f76984e0 - 5학년 미술(월요일 3교시 / 교실) - 서정초등학교 : SUCCEED
PROCESSING 325: c_300097142_0ccdba1d-ea7d-4472-990f-7374f76984e0 - 6학년 미술(수요일 1교시 / 교실) - 서정초등학교 : SUCCEED
PROCESSING 326: c_300097142_98476be0-3ad8-4712-9592-370cba4dd850 - 3학년 뮤지컬(화요일 1교시 / 강당) - 삼산초등학교_해남 : SUCCEED
PROCESSING 327: c_300097142_98476be0-3ad8-4712-9592-370cba4dd850 - 4학년 뮤지컬(화요일 3교시 / 강당) - 삼산초등학교_해남 : SUCCEED
PROCESSING 328: c_300097142_98476be0-3ad8-4712-9592-370cba4dd850 - 5학년 뮤지컬(목요일 1교시 / 강당) - 삼산초등학교_해남 : SUCCEED
PROCESSING 329: c_300097142_98476be0-3ad8-4712-9592-370cba4dd850 - 6학년 뮤지컬(목요일 3교시 / 강당) - 삼산초등학교_해남 : SUCCEED
PROCESSING 330: c_300097142_98476be0-3ad8-4712-9592-370cba4dd850 - 1학년 합창(금요일 1교시 / 강당) - 삼산초등학교_해남 : SUCCEED
API Cooling Down for 10 Sec
PROCESSING 331: c_300097142_98476be0-3ad8-4712-9592-370cba4dd850 - 2학년 합창(금요일 3교시 / 강당) - 삼산초등학교_해남 : SUCCEED
PROCESSING 332: c_300097142_76ed6d56-e14e-415f-a4a6-b19d37823089 - 1학년 뮤지컬(금요일 2교시/강당) - 송지초등학교 : SUCCEED
PROCESSING 333: c_300097142_76ed6d56-e14e-415f-a4a6-b19d37823089 - 2학년 뮤지컬(화요일 2교시/강당) - 송지초등학교 : SUCCEED
PROCESSING 334: c_300097142_76ed6d56-e14e-415f-a4a6-b19d37823089 - 3학년 뮤지컬(금요일 2교시/강당) - 송지초등학교 : SUCCEED
PROCESSING 335: c_300097142_76ed6d56-e14e-415f-a4a6-b19d37823089 - 4학년 뮤지컬(금요일 2교시/강당) - 송지초등학교 : SUCCEED
PROCESSING 336: c_300097142_76ed6d56-e14e-415f-a4a6-b19d37823089 - 5학년 뮤지컬(금요일 2교시/강당) - 송지초등학교 : SUCCEED
PROCESSING 337: c_300097142_76ed6d56-e14e-415f-a4a6-b19d37823089 - 6학년 뮤지컬(금요일 2교시/강당) - 송지초등학교 : SUCCEED
PROCESSING 338: c_300097142_fe1deadd-38d6-4c6f-8f6d-a41e2470315e - 연극(수요일 1교시 / 강당) - 산이서초등학교 : SUCCEED
PROCESSING 339: c_300097142_fe1deadd-38d6-4c6f-8f6d-a41e2470315e - 뮤지컬(금요일 1교시 / 강당) - 산이서초등학교 : SUCCEED
PROCESSING 340: c_300097142_fe1deadd-38d6-4c6f-8f6d-a41e2470315e - 연극놀이(수요일 1교시 / 강당) - 산이서초등학교 : SUCCEED
API Cooling Down for 10 Sec
PROCESSING 341: c_300097142_fe1deadd-38d6-4c6f-8f6d-a41e2470315e - 도예(목요일 1교시 / 교실) - 산이서초등학교 : SUCCEED
PROCESSING 342: c_300097142_4777ee88-c08f-40fc-974d-311d1fcb5593 - 2학년 2학급 K-POP(목요일 1교시 / 강당) - 해남동초등학교 : SUCCEED
PROCESSING 343: c_300097142_4777ee88-c08f-40fc-974d-311d1fcb5593 - 2학년 2학급 K-POP(수요일 1교시 / 강당) - 해남동초등학교 : SUCCEED
PROCESSING 344: c_300097142_4777ee88-c08f-40fc-974d-311d1fcb5593 - 3학년 1학급 K-POP(월요일 1교시 / 강당) - 해남동초등학교 : SUCCEED
PROCESSING 345: c_300097142_4777ee88-c08f-40fc-974d-311d1fcb5593 - 3학년 2학급 영상(화요일 1교시 / 교실) - 해남동초등학교 : SUCCEED
PROCESSING 346: c_300097142_4777ee88-c08f-40fc-974d-311d1fcb5593 - 3학년 2학급 영상(수요일 1교시 / 교실) - 해남동초등학교 : SUCCEED
PROCESSING 347: c_300097142_4777ee88-c08f-40fc-974d-311d1fcb5593 - 4학년 3학급 영상(목요일 1교시 / 교실) - 해남동초등학교 : SUCCEED
PROCESSING 348: c_300097142_4777ee88-c08f-40fc-974d-311d1fcb5593 - 6학년 2학급 영상(월요일 1교시 / 교실) - 해남동초등학교 : SUCCEED
PROCESSING 349: c_300097142_4777ee88-c08f-40fc-974d-311d1fcb5593 - 6학년 2학급 영상(화요일 1교시 / 교실) - 해남동초등학교 : SUCCEED
PROCESSING 350: c_300097142_4777ee88-c08f-40fc-974d-311d1fcb5593 - 6학년 3학급 영상(수요일 1교시 / 교실) - 해남동초등학교 : SUCCEED
API Cooling Down for 10 Sec
PROCESSING 351: c_300097142_b52321d1-cfc1-4dec-9f87-d79ac8f441a9 - 6학년 1반 KPOP 밴드 ( 목 1~2교시 / 뮤지컬실 ) - 남원용성초등학교 : SUCCEED
PROCESSING 352: c_300097142_b52321d1-cfc1-4dec-9f87-d79ac8f441a9 - 6학년 2반 KPOP 밴드 ( 수 1~2교시 / 뮤지컬실 ) - 남원용성초등학교 : SUCCEED
PROCESSING 353: c_300097142_b52321d1-cfc1-4dec-9f87-d79ac8f441a9 - 5학년 1반 난타 ( 월 4~5교시 / 뮤지컬실 ) - 남원용성초등학교 : SUCCEED
PROCESSING 354: c_300097142_b52321d1-cfc1-4dec-9f87-d79ac8f441a9 - 5학년 2반 난타 ( 월 2~3교시 / 뮤지컬실 ) - 남원용성초등학교 : SUCCEED
PROCESSING 355: c_300097142_b52321d1-cfc1-4dec-9f87-d79ac8f441a9 - 5학년 1반 웹툰 ( 수 4~5교시 / 교실 ) - 남원용성초등학교 : SUCCEED
PROCESSING 356: c_300097142_b52321d1-cfc1-4dec-9f87-d79ac8f441a9 - 5학년 2반 웹툰 ( 수 2~3교시 / 교실 ) - 남원용성초등학교 : SUCCEED
PROCESSING 357: c_300097142_b52321d1-cfc1-4dec-9f87-d79ac8f441a9 - 4학년 1반 사물놀이 ( 화 1~2교시 / 교실 ) - 남원용성초등학교 : SUCCEED
PROCESSING 358: c_300097142_b52321d1-cfc1-4dec-9f87-d79ac8f441a9 - 3학년 2반 만화 ( 수 4~5교시 / 교실 ) - 남원용성초등학교 : SUCCEED
PROCESSING 359: c_300097142_b52321d1-cfc1-4dec-9f87-d79ac8f441a9 - 2학년 1반 전래놀이 ( 금 1~2교시 / 교실 ) - 남원용성초등학교 : SUCCEED
PROCESSING 360: c_300097142_b52321d1-cfc1-4dec-9f87-d79ac8f441a9 - 2학년 2반 전래놀이 ( 금 3~4교시 / 교실 ) - 남원용성초등학교 : SUCCEED
API Cooling Down for 10 Sec
PROCESSING 361: c_300097142_8c92d7bd-f18e-48a6-bfd3-055556ce5c9a - 1,2학년 전래동요 ( 목 1~2교시 / 영어체험실 ) - 남원왕치초등학교 : SUCCEED
PROCESSING 362: c_300097142_8c92d7bd-f18e-48a6-bfd3-055556ce5c9a - 3,4학년 전래동요 ( 목 3~4교시 / 영어체험실 ) - 남원왕치초등학교 : SUCCEED
PROCESSING 363: c_300097142_8c92d7bd-f18e-48a6-bfd3-055556ce5c9a - 5,6학년 전래동요 ( 목 5~6교시 / 영어체험실 ) - 남원왕치초등학교 : SUCCEED
PROCESSING 364: c_300097142_888adeb7-4d34-49db-8d39-12b671c43fe5 - 1,2학년 전래놀이 ( 월 2~3교시 / 교실 ) - 주생초등학교 : SUCCEED
PROCESSING 365: c_300097142_888adeb7-4d34-49db-8d39-12b671c43fe5 - 5,6학년 우쿨렐레 ( 월 3~4교시 / 교실 ) - 주생초등학교 : SUCCEED
PROCESSING 366: c_300097142_888adeb7-4d34-49db-8d39-12b671c43fe5 - 3,4학년 연극 ( 수 1~4교시 / 교실 ) - 주생초등학교 : SUCCEED
PROCESSING 367: c_300097142_888adeb7-4d34-49db-8d39-12b671c43fe5 - 3,4학년 연극 ( 수 1~4교시 / 교실 ) - 주생초등학교 : SUCCEED
PROCESSING 368: c_300097142_888adeb7-4d34-49db-8d39-12b671c43fe5 - 3,4학년 연극 ( 수 1~4교시 / 교실 ) - 주생초등학교 : SUCCEED
PROCESSING 369: c_300097142_888adeb7-4d34-49db-8d39-12b671c43fe5 - 3,4학년 연극 ( 수 1~4교시 / 교실 ) - 주생초등학교 : SUCCEED
PROCESSING 370: c_300097142_888adeb7-4d34-49db-8d39-12b671c43fe5 - 3,4학년 연극 ( 일 1~4교시 / 교실 ) - 주생초등학교 : SUCCEED
API Cooling Down for 10 Sec
PROCESSING 371: c_300097142_888adeb7-4d34-49db-8d39-12b671c43fe5 - 3,4학년 연극 ( 수 1~4교시 / 교실 ) - 주생초등학교 : SUCCEED
PROCESSING 372: c_300097142_888adeb7-4d34-49db-8d39-12b671c43fe5 - 3,4학년 연극 ( 수 1~4교시 / 교실 ) - 주생초등학교 : SUCCEED
PROCESSING 373: c_300097142_888adeb7-4d34-49db-8d39-12b671c43fe5 - 3,4학년 연극 ( 수 1~4교시 / 교실 ) - 주생초등학교 : SUCCEED
PROCESSING 374: c_300097142_888adeb7-4d34-49db-8d39-12b671c43fe5 - 3,4학년 연극 ( 수 1~4교시 / 교실 ) - 주생초등학교 : SUCCEED
PROCESSING 375: c_300097142_888adeb7-4d34-49db-8d39-12b671c43fe5 - 3,4학년 연극 ( 수 1~4교시 / 교실 ) - 주생초등학교 : SUCCEED
PROCESSING 376: c_300097142_4b6cd87f-ae98-4c08-880c-31da5ccdde57 - 1~6학년 합창 ( 수 3~4교시 / 유치원실 ) - 금지동초등학교 : SUCCEED
PROCESSING 377: c_300097142_fdd7ae2f-480d-444e-8111-534a1cd2220d - 3,4학년 관악합주 ( 수 3~4교시 / 교실/과학실 ) - 산내초등학교 : SUCCEED
PROCESSING 378: c_300097142_60478fe3-66ee-4fd2-960d-a30b7e62bc78 - 1,2학년 전래놀이 (목요일 2~5교시 / 체육관) - 서곡초등학교 : SUCCEED
PROCESSING 379: c_300097142_60478fe3-66ee-4fd2-960d-a30b7e62bc78 - 1,2학년 전래놀이 (금요일 2~3교시 / 체육관) - 서곡초등학교 : SUCCEED
PROCESSING 380: c_300097142_60478fe3-66ee-4fd2-960d-a30b7e62bc78 - 5,6학년 아카펠라 (수요일 1~4교시 /음악실) - 서곡초등학교 : SUCCEED
API Cooling Down for 10 Sec
PROCESSING 381: c_300097142_60478fe3-66ee-4fd2-960d-a30b7e62bc78 - 5,6학년 아카펠라 (금요일 1~2교시 / 음악실) - 서곡초등학교 : SUCCEED
PROCESSING 382: c_300097142_94e16fc6-178d-488e-9a3b-b889dd0f4c71 - 1~6학년 아카펠라 ( 월, 수 2~4교시 / 교실 ) - 송동초등학교 : SUCCEED
PROCESSING 383: c_300097142_94e16fc6-178d-488e-9a3b-b889dd0f4c71 - 1~6학년 아카펠라 ( 월 2~4교시 / 교실 ) - 송동초등학교 : SUCCEED
PROCESSING 384: c_300097142_94e16fc6-178d-488e-9a3b-b889dd0f4c71 - 1~6학년 아카펠라 ( 수 2~4교시 / 교실 ) - 송동초등학교 : SUCCEED
PROCESSING 385: c_300097142_94e16fc6-178d-488e-9a3b-b889dd0f4c71 - 1~6학년 아카펠라 ( 월 2~4교시 / 교실 ) - 송동초등학교 : SUCCEED
PROCESSING 386: c_300097142_94e16fc6-178d-488e-9a3b-b889dd0f4c71 - 1~6학년 아카펠라 ( 수 2~4교시 / 교실 ) - 송동초등학교 : SUCCEED
PROCESSING 387: c_300097142_d0028072-38ad-4360-b7fa-0a3b1350388d - 1~6학년 오케스트라 ( 수 1~4교시 / 연습실 ) - 남원중앙초등학교 : SUCCEED
PROCESSING 388: c_300097142_1882b90c-07c8-435d-a9e3-b0c4c6243134 - 도예 ( 목 6~7교시 / 교실 ) - 남원용성중학교 : SUCCEED
PROCESSING 389: c_300097142_1882b90c-07c8-435d-a9e3-b0c4c6243134 - 도예 ( 목 6~7교시 / 교실 ) - 남원용성중학교 : SUCCEED
PROCESSING 390: c_300097142_1882b90c-07c8-435d-a9e3-b0c4c6243134 - 도예 ( 목 6~7교시 / 교실 ) - 남원용성중학교 : SUCCEED
API Cooling Down for 10 Sec
PROCESSING 391: c_300097142_1882b90c-07c8-435d-a9e3-b0c4c6243134 - 도예 ( 목 6~7교시 / 교실 ) - 남원용성중학교 : SUCCEED
PROCESSING 392: c_300097142_1882b90c-07c8-435d-a9e3-b0c4c6243134 - 도예 ( 목 6~7교시 / 교실 ) - 남원용성중학교 : SUCCEED
PROCESSING 393: c_300097142_1882b90c-07c8-435d-a9e3-b0c4c6243134 - 도예 ( 목 6~7교시 / 교실 ) - 남원용성중학교 : SUCCEED
PROCESSING 394: c_300097142_1882b90c-07c8-435d-a9e3-b0c4c6243134 - 도예 ( 목 6~7교시 / 교실 ) - 남원용성중학교 : SUCCEED
PROCESSING 395: c_300097142_1882b90c-07c8-435d-a9e3-b0c4c6243134 - 기타 ( 목 6~7교시 / 교실 ) - 남원용성중학교 : SUCCEED
PROCESSING 396: c_300097142_1882b90c-07c8-435d-a9e3-b0c4c6243134 - 기타 ( 목 6~7교시 / 교실 ) - 남원용성중학교 : SUCCEED
PROCESSING 397: c_300097142_1882b90c-07c8-435d-a9e3-b0c4c6243134 - 기타 ( 목 6~7교시 / 교실 ) - 남원용성중학교 : SUCCEED
PROCESSING 398: c_300097142_1882b90c-07c8-435d-a9e3-b0c4c6243134 - 기타 ( 목 6~7교시 / 교실 ) - 남원용성중학교 : SUCCEED
PROCESSING 399: c_300097142_1882b90c-07c8-435d-a9e3-b0c4c6243134 - 기타 ( 목 6~7교시 / 교실 ) - 남원용성중학교 : SUCCEED
PROCESSING 400: c_300097142_1882b90c-07c8-435d-a9e3-b0c4c6243134 - 기타 ( 목 6~7교시 / 교실 ) - 남원용성중학교 : SUCCEED
API Cooling Down for 10 Sec
PROCESSING 401: c_300097142_1882b90c-07c8-435d-a9e3-b0c4c6243134 - 기타 ( 목 6~7교시 / 교실 ) - 남원용성중학교 : SUCCEED
PROCESSING 402: c_300097142_1882b90c-07c8-435d-a9e3-b0c4c6243134 - 밴드 ( 목 6~7교시 / 밴드실습실 ) - 남원용성중학교 : SUCCEED
PROCESSING 403: c_300097142_1882b90c-07c8-435d-a9e3-b0c4c6243134 - 밴드 ( 목 6~7교시 / 밴드실습실 ) - 남원용성중학교 : SUCCEED
PROCESSING 404: c_300097142_1882b90c-07c8-435d-a9e3-b0c4c6243134 - 밴드 ( 목 6~7교시 / 밴드실습실 ) - 남원용성중학교 : SUCCEED
PROCESSING 405: c_300097142_1882b90c-07c8-435d-a9e3-b0c4c6243134 - 밴드 ( 목 6~7교시 / 밴드실습실 ) - 남원용성중학교 : SUCCEED
PROCESSING 406: c_300097142_1882b90c-07c8-435d-a9e3-b0c4c6243134 - 밴드 ( 목 6~7교시 / 밴드실습실 ) - 남원용성중학교 : SUCCEED
PROCESSING 407: c_300097142_1882b90c-07c8-435d-a9e3-b0c4c6243134 - 밴드 ( 목 6~7교시 / 밴드실습실 ) - 남원용성중학교 : SUCCEED
PROCESSING 408: c_300097142_1882b90c-07c8-435d-a9e3-b0c4c6243134 - 밴드 ( 목 6~7교시 / 밴드실습실 ) - 남원용성중학교 : SUCCEED
PROCESSING 409: c_300097142_c4cfcca0-8920-45eb-a5cd-3718fe08ddfd - 1~3학년 뮤지컬 ( 월 5~6교시 / 강당 ) - 송동중학교 : SUCCEED
PROCESSING 410: c_300097142_c4cfcca0-8920-45eb-a5cd-3718fe08ddfd - 1~3학년 웹툰 ( 수 5~6교시 / 교실 ) - 송동중학교 : SUCCEED
API Cooling Down for 10 Sec
PROCESSING 411: c_300097142_c4cfcca0-8920-45eb-a5cd-3718fe08ddfd - 1~3학년 웹툰 ( 수 5~6교시 / 교실 ) - 송동중학교 : SUCCEED
PROCESSING 412: c_300097142_c4cfcca0-8920-45eb-a5cd-3718fe08ddfd - 1~3학년 웹툰 ( 수 5~6교시 / 교실 ) - 송동중학교 : SUCCEED
PROCESSING 413: c_300097142_c4cfcca0-8920-45eb-a5cd-3718fe08ddfd - 1~3학년 웹툰 ( 수 5~6교시 / 교실 ) - 송동중학교 : SUCCEED
PROCESSING 414: c_300097142_c4cfcca0-8920-45eb-a5cd-3718fe08ddfd - 1~3학년 웹툰 ( 수 5~6교시 / 교실 ) - 송동중학교 : SUCCEED
PROCESSING 415: c_300097142_c4cfcca0-8920-45eb-a5cd-3718fe08ddfd - 1~3학년 웹툰 ( 수 5~6교시 / 교실 ) - 송동중학교 : SUCCEED
PROCESSING 416: c_300097142_c4cfcca0-8920-45eb-a5cd-3718fe08ddfd - 1~3학년 웹툰 ( 수 5~6교시 / 교실 ) - 송동중학교 : SUCCEED
PROCESSING 417: c_300097142_c4cfcca0-8920-45eb-a5cd-3718fe08ddfd - 1~3학년 웹툰 ( 수 5~6교시 / 교실 ) - 송동중학교 : SUCCEED
PROCESSING 418: c_300097142_c4cfcca0-8920-45eb-a5cd-3718fe08ddfd - 1~3학년 웹툰 ( 수 5~6교시 / 교실 ) - 송동중학교 : SUCCEED
PROCESSING 419: c_300097142_c4cfcca0-8920-45eb-a5cd-3718fe08ddfd - 1~3학년 웹툰 ( 수 5~6교시 / 교실 ) - 송동중학교 : SUCCEED
PROCESSING 420: c_300097142_c4cfcca0-8920-45eb-a5cd-3718fe08ddfd - 1~3학년 웹툰 ( 수 5~6교시 / 교실 ) - 송동중학교 : SUCCEED
API Cooling Down for 10 Sec
PROCESSING 421: c_300097142_c4cfcca0-8920-45eb-a5cd-3718fe08ddfd - 1~3학년 웹툰 ( 수 5~6교시 / 교실 ) - 송동중학교 : SUCCEED
PROCESSING 422: c_300097142_c4cfcca0-8920-45eb-a5cd-3718fe08ddfd - 1~3학년 웹툰 ( 수 5~6교시 / 교실 ) - 송동중학교 : SUCCEED
PROCESSING 423: c_300097142_c4cfcca0-8920-45eb-a5cd-3718fe08ddfd - 1~3학년 웹툰 ( 수 5~6교시 / 교실 ) - 송동중학교 : SUCCEED
PROCESSING 424: c_300097142_c4cfcca0-8920-45eb-a5cd-3718fe08ddfd - 1~3학년 웹툰 ( 수 5~6교시 / 교실 ) - 송동중학교 : SUCCEED
PROCESSING 425: c_300097142_8b6c2bd4-6da5-4a50-aa54-35463829f87c - 실용음악 ( 금 6~7교시 / 강당 ) - 아영중학교 : SUCCEED
PROCESSING 426: c_300097142_8b6c2bd4-6da5-4a50-aa54-35463829f87c - 실용음악 ( 금 6~7교시 / 강당 ) - 아영중학교 : SUCCEED
PROCESSING 427: c_300097142_8b6c2bd4-6da5-4a50-aa54-35463829f87c - 실용음악 ( 금 6~7교시 / 강당 ) - 아영중학교 : SUCCEED
PROCESSING 428: c_300097142_8b6c2bd4-6da5-4a50-aa54-35463829f87c - 실용음악 ( 금 6~7교시 / 강당 ) - 아영중학교 : SUCCEED
PROCESSING 429: c_300097142_8b6c2bd4-6da5-4a50-aa54-35463829f87c - 실용음악 ( 금 6~7교시 / 강당 ) - 아영중학교 : SUCCEED
PROCESSING 430: c_300097142_8b6c2bd4-6da5-4a50-aa54-35463829f87c - 실용음악 ( 수 6~7교시 / 강당 ) - 아영중학교 : SUCCEED
API Cooling Down for 10 Sec
PROCESSING 431: c_300097142_8b6c2bd4-6da5-4a50-aa54-35463829f87c - 실용음악 ( 금 6~7교시 / 강당 ) - 아영중학교 : SUCCEED
PROCESSING 432: c_300097142_8b6c2bd4-6da5-4a50-aa54-35463829f87c - 실용음악 ( 금 6~7교시 / 강당 ) - 아영중학교 : SUCCEED
PROCESSING 433: c_300097142_8b6c2bd4-6da5-4a50-aa54-35463829f87c - 실용음악 ( 금 6~7교시 / 강당 ) - 아영중학교 : SUCCEED
PROCESSING 434: c_300097142_44e9e3ed-be41-4761-b95f-f94c16bb2573 - 2학년 도예 ( 화 6~7교시 / 교실 ) - 수지중학교 : SUCCEED
PROCESSING 435: c_300097142_44e9e3ed-be41-4761-b95f-f94c16bb2573 - 2학년 도예 ( 화 6~7교시 / 교실 ) - 수지중학교 : SUCCEED
PROCESSING 436: c_300097142_44e9e3ed-be41-4761-b95f-f94c16bb2573 - 2학년 도예 ( 화 6~7교시 / 교실 ) - 수지중학교 : SUCCEED
PROCESSING 437: c_300097142_44e9e3ed-be41-4761-b95f-f94c16bb2573 - 2학년 도예 ( 화 6~7교시 / 교실 ) - 수지중학교 : SUCCEED
PROCESSING 438: c_300097142_44e9e3ed-be41-4761-b95f-f94c16bb2573 - 2학년 도예 ( 화 6~7교시 / 교실 ) - 수지중학교 : SUCCEED
PROCESSING 439: c_300097142_44e9e3ed-be41-4761-b95f-f94c16bb2573 - 2학년 도예 ( 화 6~7교시 / 교실 ) - 수지중학교 : SUCCEED
PROCESSING 440: c_300097142_44e9e3ed-be41-4761-b95f-f94c16bb2573 - 2학년 도예 ( 화 6~7교시 / 교실 ) - 수지중학교 : SUCCEED
API Cooling Down for 10 Sec
PROCESSING 441: c_300097142_44e9e3ed-be41-4761-b95f-f94c16bb2573 - 2학년 도예 ( 화 6~7교시 / 교실 ) - 수지중학교 : SUCCEED
PROCESSING 442: c_300097142_44e9e3ed-be41-4761-b95f-f94c16bb2573 - 2,3학년 난타 ( 화 6~7교시 / 연습실 ) - 수지중학교 : SUCCEED
PROCESSING 443: c_300097142_44e9e3ed-be41-4761-b95f-f94c16bb2573 - 2,3학년 난타 ( 화 6~7교시 / 연습실 ) - 수지중학교 : SUCCEED
PROCESSING 444: c_300097142_44e9e3ed-be41-4761-b95f-f94c16bb2573 - 2,3학년 난타 ( 화 6~7교시 / 연습실 ) - 수지중학교 : SUCCEED
PROCESSING 445: c_300097142_44e9e3ed-be41-4761-b95f-f94c16bb2573 - 2,3학년 난타 ( 화 6~7교시 / 연습실 ) - 수지중학교 : SUCCEED
PROCESSING 446: c_300097142_44e9e3ed-be41-4761-b95f-f94c16bb2573 - 2,3학년 난타 ( 화 6~7교시 / 연습실 ) - 수지중학교 : SUCCEED
PROCESSING 447: c_300097142_44e9e3ed-be41-4761-b95f-f94c16bb2573 - 2,3학년 난타 ( 화 6~7교시 / 연습실 ) - 수지중학교 : SUCCEED
PROCESSING 448: c_300097142_44e9e3ed-be41-4761-b95f-f94c16bb2573 - 2,3학년 난타 ( 화 6~7교시 / 연습실 ) - 수지중학교 : SUCCEED
PROCESSING 449: c_300097142_44e9e3ed-be41-4761-b95f-f94c16bb2573 - 2,3학년 난타 ( 화 6~7교시 / 연습실 ) - 수지중학교 : SUCCEED
PROCESSING 450: c_300097142_b52321d1-cfc1-4dec-9f87-d79ac8f441a9 - 1,2학년 사물놀이 ( 금 1~3교시 / 연습실 ) - 남원용성초등학교 : SUCCEED
API Cooling Down for 10 Sec
PROCESSING 451: c_300097142_b52321d1-cfc1-4dec-9f87-d79ac8f441a9 - 1,2학년 사물놀이 ( 금 1~3교시 / 뮤지컬실 ) - 남원용성초등학교 : SUCCEED
PROCESSING 452: c_300097142_b52321d1-cfc1-4dec-9f87-d79ac8f441a9 - 3학년 1반 사진 ( 금 2~4교시 / 교실 ) - 남원용성초등학교 : SUCCEED
PROCESSING 453: c_300097142_b52321d1-cfc1-4dec-9f87-d79ac8f441a9 - 3학년 1반 사진 ( 금 2~4교시 / 교실 ) - 남원용성초등학교 : SUCCEED
PROCESSING 454: c_300097142_b52321d1-cfc1-4dec-9f87-d79ac8f441a9 - 3학년 2반 웹툰 ( 화 2~4교시 / 교실 ) - 남원용성초등학교 : SUCCEED
PROCESSING 455: c_300097142_b52321d1-cfc1-4dec-9f87-d79ac8f441a9 - 3학년 2반 웹툰 ( 화 2~4교시 / 교실 ) - 남원용성초등학교 : SUCCEED
PROCESSING 456: c_300097142_b52321d1-cfc1-4dec-9f87-d79ac8f441a9 - 3학년 2반 전래놀이 ( 화 1~3교시 / 교실 ) - 남원용성초등학교 : SUCCEED
PROCESSING 457: c_300097142_b52321d1-cfc1-4dec-9f87-d79ac8f441a9 - 6학년 검무 ( 화 3~4교시 / 뮤지컬실 ) - 남원용성초등학교 : SUCCEED
PROCESSING 458: c_300097142_b52321d1-cfc1-4dec-9f87-d79ac8f441a9 - 6학년 검무 ( 월 3~4교시 / 뮤지컬실 ) - 남원용성초등학교 : SUCCEED
PROCESSING 459: c_300097142_8c92d7bd-f18e-48a6-bfd3-055556ce5c9a - 1~6학년 뮤지컬 ( 목 2~4교시 / 강당 ) - 남원왕치초등학교 : SUCCEED
PROCESSING 460: c_300097142_8c92d7bd-f18e-48a6-bfd3-055556ce5c9a - 1~6학년 아카펠라 ( 목 2~4교시 / 영어체험실 ) - 남원왕치초등학교 : SUCCEED
API Cooling Down for 10 Sec
PROCESSING 461: c_300097142_8c92d7bd-f18e-48a6-bfd3-055556ce5c9a - 1~3학년 탈춤 ( 월 1~3교시 / 강당 ) - 남원왕치초등학교 : SUCCEED
PROCESSING 462: c_300097142_8c92d7bd-f18e-48a6-bfd3-055556ce5c9a - 1~3학년 탈춤 ( 월 1~3교시 / 강당 ) - 남원왕치초등학교 : SUCCEED
PROCESSING 463: c_300097142_8c92d7bd-f18e-48a6-bfd3-055556ce5c9a - 1~3학년 탈춤 ( 월 1~3교시 / 강당 ) - 남원왕치초등학교 : SUCCEED
PROCESSING 464: c_300097142_8c92d7bd-f18e-48a6-bfd3-055556ce5c9a - 4~6학년 KPOP 댄스 ( 화 1~3교시 / 강당 ) - 남원왕치초등학교 : SUCCEED
PROCESSING 465: c_300097142_8c92d7bd-f18e-48a6-bfd3-055556ce5c9a - 4~6학년 KPOP 댄스 ( 화 1~3교시 / 강당 ) - 남원왕치초등학교 : SUCCEED
PROCESSING 466: c_300097142_fc77a0ed-79dd-4bf3-8c20-b74ee5f3638c - 1~3학년 아카펠라 ( 금 2~4교시 / 교실 ) - 남원대산초등학교 : SUCCEED
PROCESSING 467: c_300097142_fc77a0ed-79dd-4bf3-8c20-b74ee5f3638c - 4~6학년 아카펠라 ( 금 2~4교시 / 교실 ) - 남원대산초등학교 : SUCCEED
PROCESSING 468: c_300097142_81d798ef-1007-485b-9c40-ced343e67d4f - 3학급 탈춤 ( 화 2~4교시 / 교실 ) - 아영초등학교 : SUCCEED
PROCESSING 469: c_300097142_81d798ef-1007-485b-9c40-ced343e67d4f - 3학급 탈춤 ( 금 2~4교시 / 교실 ) - 아영초등학교 : SUCCEED
PROCESSING 470: c_300097142_81d798ef-1007-485b-9c40-ced343e67d4f - 3학급 웹툰 ( 화 2~4교시 / 교실 ) - 아영초등학교 : SUCCEED
API Cooling Down for 10 Sec
PROCESSING 471: c_300097142_81d798ef-1007-485b-9c40-ced343e67d4f - 6학년 핸드팬 ( 금 3~6교시 / 강당 ) - 아영초등학교 : SUCCEED
PROCESSING 472: c_300097142_50720be2-c1de-418e-b4dd-fdd59ee04452 - 합창 ( 화 1~3교시 / 어울누리관 ) - 오동초등학교 : SUCCEED
PROCESSING 473: c_300097142_50720be2-c1de-418e-b4dd-fdd59ee04452 - 합창 ( 수 1~3교시 / 어울누리관 ) - 오동초등학교 : SUCCEED
PROCESSING 474: c_300097142_50720be2-c1de-418e-b4dd-fdd59ee04452 - 웹툰 ( 화 1~4교시 / 교실 ) - 오동초등학교 : SUCCEED
PROCESSING 475: c_300097142_50720be2-c1de-418e-b4dd-fdd59ee04452 - 웹툰 ( 화 1~2교시 / 교실 ) - 오동초등학교 : SUCCEED
PROCESSING 476: c_300097142_50720be2-c1de-418e-b4dd-fdd59ee04452 - 마술 ( 금 1~3교시 / 다목적실 ) - 오동초등학교 : SUCCEED
PROCESSING 477: c_300097142_50720be2-c1de-418e-b4dd-fdd59ee04452 - 마술 ( 금 1~3교시 / 다목적실 ) - 오동초등학교 : SUCCEED
PROCESSING 478: c_300097142_5cf51021-03c9-47b4-96ed-593ca80f6cb2 - 1~6학년 국악 ( 화 1~6교시 / 교실 ) - 원천초등학교 : SUCCEED
PROCESSING 479: c_300097142_5cf51021-03c9-47b4-96ed-593ca80f6cb2 - 1~6학년 국악 ( 화 1~6교시 / 교실 ) - 원천초등학교 : SUCCEED
PROCESSING 480: c_300097142_5cf51021-03c9-47b4-96ed-593ca80f6cb2 - 1~6학년 국악 ( 화 1~6교시 / 교실 ) - 원천초등학교 : SUCCEED
API Cooling Down for 10 Sec
PROCESSING 481: c_300097142_c4cfcca0-8920-45eb-a5cd-3718fe08ddfd - KPOP 댄스 ( 수 1~4교시 / 강당 ) - 송동중학교 : SUCCEED
PROCESSING 482: c_300097142_c4cfcca0-8920-45eb-a5cd-3718fe08ddfd - 퍼포먼스 ( 수 1~4교시 / 강당 ) - 송동중학교 : SUCCEED
PROCESSING 483: c_300097142_bf66ccfa-5985-46a7-89f7-b3a6188df2b0 - 1,2,3,4학년 도예(목요일 1~4교시 / 3층 다모임실) - 금병초등학교 : SUCCEED
PROCESSING 484: c_300097142_a3f0a6e6-a9fb-4c64-a57b-4eb955a0acb6 - 6학년 뮤지컬(월요일 1~2교시 / 2층 6학년교실) - 상천초등학교_춘천 : SUCCEED
PROCESSING 485: c_300097142_129c086f-3f72-4c9b-ac11-7e7df8ab17e9 - 1,2학년 전래놀이(화요일 / 1~3교시 / 체육관) - 금산초등학교_춘천 : SUCCEED
PROCESSING 486: c_300097142_51f0b95b-5858-48e6-829d-58ae1a9e77c2 - 1학년 전래놀이(수요일 1~2교시 / 1층 체육관) - 서상초등학교 : SUCCEED
PROCESSING 487: c_300097142_51f0b95b-5858-48e6-829d-58ae1a9e77c2 - 2학년 웹툰(화요일 1~2교시 / 2층 2학년교실) - 서상초등학교 : SUCCEED
PROCESSING 488: c_300097142_51f0b95b-5858-48e6-829d-58ae1a9e77c2 - 3,4학년 K-POP댄스(목요일 1~2교시 / 1층 체육관) - 서상초등학교 : SUCCEED
PROCESSING 489: c_300097142_51f0b95b-5858-48e6-829d-58ae1a9e77c2 - 5,6학년 뮤지컬(금요일 3~6교시 / 1층 도서관) - 서상초등학교 : SUCCEED
PROCESSING 490: c_300097142_81618b81-4b4c-41c4-a566-1e2085b1f126 - 2학년 전래놀이(화요일 1~3교시 / 2층 2학년교실) - 동내초등학교 : SUCCEED
API Cooling Down for 10 Sec
PROCESSING 491: c_300097142_81618b81-4b4c-41c4-a566-1e2085b1f126 - 6학년 뮤지컬(화요일 1~6교시 / 3층 음악실) - 동내초등학교 : SUCCEED
PROCESSING 492: c_300097142_b967b54a-5cd0-4ade-8da6-7617cf870b7c - 6학년 아카펠라(화요일 5~6교시 / 2층 6학년교실) - 송화초등학교 : SUCCEED
PROCESSING 493: c_300097142_2493a237-7387-4bf3-8af6-5e11c97a83bc - 5,6학년 난타(월요일 5~6교시 / 체육관 or 다목적실 ) - 광판초등학교 : SUCCEED
PROCESSING 494: c_300097142_22dd8235-4071-45e6-ae77-b75c9c9c1bdd - 1,2학년 탈춤(월요일 3~5교시 / 체육관) - 조양초등학교 : SUCCEED
PROCESSING 495: c_300097142_22dd8235-4071-45e6-ae77-b75c9c9c1bdd - 5,6학년 유튜브(월요일 3~5교시 / 컴퓨터실) - 조양초등학교 : SUCCEED
PROCESSING 496: c_300097142_22dd8235-4071-45e6-ae77-b75c9c9c1bdd - 5,6학년 스마트폰(금요일 3~5교시 / 컴퓨터실) - 조양초등학교 : SUCCEED
PROCESSING 497: c_300097142_3facfcc8-772a-4e0d-b5b3-498169e828d9 - 1~3학년 유튜브(수,목,금요일 1~6교시 / 교실) - 춘성중학교 : SUCCEED
PROCESSING 498: c_300097142_678c7c54-f421-444e-9d00-8e3164d2366b - 1학년 연극-연극놀이 (목요일 1~2교시) - 남신초등학교 : SUCCEED
PROCESSING 499: c_300097142_678c7c54-f421-444e-9d00-8e3164d2366b - 2학년 연극-연극놀이 (금요일 1~3교시) - 남신초등학교 : SUCCEED
PROCESSING 500: c_300097142_678c7c54-f421-444e-9d00-8e3164d2366b - 6학년 음악-밴드-KPOP (목요일 1~2교시) - 남신초등학교 : SUCCEED
API Cooling Down for 10 Sec
PROCESSING 501: c_300097142_75bcea03-f5d3-450c-9af9-bc96f90c9617 - 4학년 음악-합창 (화요일 1~6교시) - 동성초등학교 : SUCCEED
PROCESSING 502: c_300097142_75bcea03-f5d3-450c-9af9-bc96f90c9617 - 6학년 전통-악기(장구) (화요일 1~6교시) - 동성초등학교 : SUCCEED
PROCESSING 503: c_300097142_75bcea03-f5d3-450c-9af9-bc96f90c9617 - 2학년 전통-전래놀이 (화요일 1~5교시) - 동성초등학교 : SUCCEED
PROCESSING 504: c_300097142_75bcea03-f5d3-450c-9af9-bc96f90c9617 - 4학년 전통-탈춤 (월요일 1~6교시) - 동성초등학교 : SUCCEED
PROCESSING 505: c_300097142_75bcea03-f5d3-450c-9af9-bc96f90c9617 - 4학년 전통-탈춤 (월요일 1~6교시) - 동성초등학교 : SUCCEED
PROCESSING 506: c_300097142_38e592aa-e382-4e13-a948-952f242e0cc0 - 2학년 만화 (수요일 1~2교시) - 맹동초등학교 : SUCCEED
PROCESSING 507: c_300097142_1f2d5b7a-9176-4fa3-b9fd-21ad6a76d10c - 4학년 무용-실용무용 (수요일 3~4교시) - 쌍봉초등학교 : SUCCEED
PROCESSING 508: c_300097142_1f2d5b7a-9176-4fa3-b9fd-21ad6a76d10c - 3학년 무용-실용무용 (수요일 1~2교시) - 쌍봉초등학교 : SUCCEED
PROCESSING 509: c_300097142_1f2d5b7a-9176-4fa3-b9fd-21ad6a76d10c - 4학년 무용-실용무용 (수요일 4~6교시) - 쌍봉초등학교 : SUCCEED
PROCESSING 510: c_300097142_1f2d5b7a-9176-4fa3-b9fd-21ad6a76d10c - 3학년 무용-실용무용 (수요일 1~3교시) - 쌍봉초등학교 : SUCCEED
API Cooling Down for 10 Sec
PROCESSING 511: c_300097142_1f2d5b7a-9176-4fa3-b9fd-21ad6a76d10c - 1,2학년 음악-난타 (목요일 1~3교시) - 쌍봉초등학교 : SUCCEED
PROCESSING 512: c_300097142_1f2d5b7a-9176-4fa3-b9fd-21ad6a76d10c - 5,6학년 전통-사물놀이 (수요일 5~6교시) - 쌍봉초등학교 : SUCCEED
PROCESSING 513: c_300097142_80654ea5-2dcf-4d90-af76-42fa2a5ab13f - 1~5학년 무용-실용무용 (월요일 1~6교시) - 오갑초등학교 : SUCCEED
PROCESSING 514: c_300097142_e06efb0f-1ffe-474d-9f24-b3cbd2d0a442 - 3~6학년 무용-실용무용 (금요일 1~3교시) - 원남초등학교 : SUCCEED
PROCESSING 515: c_300097142_e06efb0f-1ffe-474d-9f24-b3cbd2d0a442 - 5,6학년 미술 - 서예 (목요일 1~4교시) - 원남초등학교 : SUCCEED
PROCESSING 516: c_300097142_e06efb0f-1ffe-474d-9f24-b3cbd2d0a442 - 3,4학년 연극-연극놀이 (수요일 1~2교시) - 원남초등학교 : SUCCEED
PROCESSING 517: c_300097142_e06efb0f-1ffe-474d-9f24-b3cbd2d0a442 - 1,2학년 연극-연극놀이 (목요일 1~4교시) - 원남초등학교 : SUCCEED
PROCESSING 518: c_300097142_e06efb0f-1ffe-474d-9f24-b3cbd2d0a442 - 3,4학년 연극-연극놀이 (금요일 1~2교시) - 원남초등학교 : SUCCEED
PROCESSING 519: c_300097142_76794fe3-bf7c-4e3f-a6bb-c04178673619 - 3학년 음악-합창 (화요일 1~3교시) - 음성여중학교 : SUCCEED
PROCESSING 520: c_300097142_76794fe3-bf7c-4e3f-a6bb-c04178673619 - 1학년 전통-탈춤 (목요일 1~3교시) - 음성여중학교 : SUCCEED
API Cooling Down for 10 Sec
PROCESSING 521: c_300097142_a5e98321-59ad-4920-a7a2-2769b0f796b9 - 3학년 미술-서예 (월요일 2~4교시) - 음성중학교 : SUCCEED
PROCESSING 522: c_300097142_a5e98321-59ad-4920-a7a2-2769b0f796b9 - 3학년 미술-서예 (월요일 2~4교시) - 음성중학교 : SUCCEED
PROCESSING 523: c_300097142_a5e98321-59ad-4920-a7a2-2769b0f796b9 - 2학년 미술-서예 (화요일 2~4교시) - 음성중학교 : SUCCEED
PROCESSING 524: c_300097142_a5e98321-59ad-4920-a7a2-2769b0f796b9 - 2학년 미술-서예 (화요일 2~4교시) - 음성중학교 : SUCCEED
PROCESSING 525: c_300097142_a5e98321-59ad-4920-a7a2-2769b0f796b9 - 2학년 미술-액션페인팅 (화요일 2~4교시) - 음성중학교 : SUCCEED
PROCESSING 526: c_300097142_a5e98321-59ad-4920-a7a2-2769b0f796b9 - 2학년 미술-액션페인팅 (화요일 2~4교시) - 음성중학교 : SUCCEED
PROCESSING 527: c_300097142_a5e98321-59ad-4920-a7a2-2769b0f796b9 - 1학년 연극-뮤지컬 (금요일 5~6교시) - 음성중학교 : SUCCEED
PROCESSING 528: c_300097142_a5e98321-59ad-4920-a7a2-2769b0f796b9 - 1학년 연극-뮤지컬 (금요일 5~6교시) - 음성중학교 : SUCCEED
PROCESSING 529: c_300097142_a5e98321-59ad-4920-a7a2-2769b0f796b9 - 3학년 전통-전래놀이 (월요일 1~4교시) - 음성중학교 : SUCCEED
PROCESSING 530: c_300097142_a5e98321-59ad-4920-a7a2-2769b0f796b9 - 3학년 전통-전래놀이 (월요일 1~4교시) - 음성중학교 : SUCCEED
API Cooling Down for 10 Sec
PROCESSING 531: c_300097142_f992bab3-9dbe-4960-8dc0-5e5bc46e73cd - 1~3학년 미술-도예 (화요일 2~5교시) - 청룡초등학교_음성 : SUCCEED
PROCESSING 532: c_300097142_f992bab3-9dbe-4960-8dc0-5e5bc46e73cd - 4~6학년 연극-연극놀이 (월요일 1~6교시) - 청룡초등학교_음성 : SUCCEED
PROCESSING 533: c_300097142_497e9563-387a-4c34-bd80-843c48b88bab - 5,6학년 뮤지컬 (화요일 5~6교시) - 평곡초등학교 : SUCCEED
PROCESSING 534: c_300097142_1a096ab7-d8f1-47c0-b43c-29a931e3b29f - 5학년 실용음악(밴드)(3,4교시) - 구산초등학교 : SUCCEED
PROCESSING 535: c_300097142_f767dd06-c83b-4905-b81b-7ed976b7ad8e - 1,2학년 미술(조소/조각)(1,2교시) - 덕암초등학교 : SUCCEED
PROCESSING 536: c_300097142_f767dd06-c83b-4905-b81b-7ed976b7ad8e - 3,4학년 미술(조소/조각)(3,4교시) - 덕암초등학교 : SUCCEED
PROCESSING 537: c_300097142_f767dd06-c83b-4905-b81b-7ed976b7ad8e - 5,6학년 미술(조소/조각)(5,6교시) - 덕암초등학교 : SUCCEED
PROCESSING 538: c_300097142_3c368b00-28be-4bb5-809d-65245ee9980b - 1~4학년 음악(합창)(3,4교시) - 마곡초등학교 : SUCCEED
PROCESSING 539: c_300097142_dfe0681d-92b1-4056-95b7-6ba95aed0335 - 3,4학년 만화(1,2교시) - 반포초등학교 : SUCCEED
PROCESSING 540: c_300097142_dfe0681d-92b1-4056-95b7-6ba95aed0335 - 5,6학년 만화(3,4교시) - 반포초등학교 : SUCCEED
API Cooling Down for 10 Sec
PROCESSING 541: c_300097142_f3c9e8df-0105-4289-8625-929e2a8afb90 - 1~4학년 음악(합창)(1,2교시) - 신풍초등학교 : SUCCEED
PROCESSING 542: c_300097142_7e94afd3-ad04-4b5d-9e89-5c05d0d56580 - 1,2학년 연극(뮤지컬)(3,4교시) - 우성초등학교 : SUCCEED
PROCESSING 543: c_300097142_7e94afd3-ad04-4b5d-9e89-5c05d0d56580 - 3학년 마술(1,2교시) - 우성초등학교 : SUCCEED
PROCESSING 544: c_300097142_7e94afd3-ad04-4b5d-9e89-5c05d0d56580 - 4학년 마술(3,4교시) - 우성초등학교 : SUCCEED
PROCESSING 545: c_300097142_79c1cd84-26a9-488a-a938-a4c3b8facf07 - 1~3학년 음악(통기타)(5,6교시) - 이인중학교 : SUCCEED
PROCESSING 546: c_300097142_3a33d6d4-9ff1-48b5-bdb3-2fd4f68dab1b - 1,2학년 음악(합창)(1,2교시) - 정안초등학교 : SUCCEED
PROCESSING 547: c_300097142_166db132-b88e-4bc6-b7b7-5290c29f947e - 3,4학년 무용(K-POP)(2~4교시) - 탄천초등학교 : SUCCEED
PROCESSING 548: c_300097142_166db132-b88e-4bc6-b7b7-5290c29f947e - 1,2학년 무용(K-POP)(1~3교시) - 탄천초등학교 : SUCCEED
PROCESSING 549: c_300097142_166db132-b88e-4bc6-b7b7-5290c29f947e - 5학년 무용(K-POP)(2~4교시) - 탄천초등학교 : SUCCEED
PROCESSING 550: c_300097142_166db132-b88e-4bc6-b7b7-5290c29f947e - 6학년 무용(K-POP)(1~3교시) - 탄천초등학교 : SUCCEED
API Cooling Down for 10 Sec
PROCESSING 551: c_300097142_1e706756-c2bb-499f-bfc8-d61cf9d24174 - 1,2학년 무용(K-POP)(2교시) - 군북초등학교 : SUCCEED
PROCESSING 552: c_300097142_1e706756-c2bb-499f-bfc8-d61cf9d24174 - 3학년 무용(K-POP)(3교시) - 군북초등학교 : SUCCEED
PROCESSING 553: c_300097142_1e706756-c2bb-499f-bfc8-d61cf9d24174 - 4학년 무용(K-POP)(4교시) - 군북초등학교 : SUCCEED
PROCESSING 554: c_300097142_1e706756-c2bb-499f-bfc8-d61cf9d24174 - 5학년 무용(K-POP)(5교시) - 군북초등학교 : SUCCEED
PROCESSING 555: c_300097142_1e706756-c2bb-499f-bfc8-d61cf9d24174 - 6학년 무용(K-POP)(6교시) - 군북초등학교 : SUCCEED
PROCESSING 556: c_300097142_33999fa3-d2a0-44cd-abee-85639b3a6c5e - 1학년 무용(현대무용)(1~4교시) - 금산중앙초등학교 : SUCCEED
PROCESSING 557: c_300097142_33999fa3-d2a0-44cd-abee-85639b3a6c5e - 6학년 연극(1~4교시) - 금산중앙초등학교 : SUCCEED
PROCESSING 558: c_300097142_5f86d175-7c00-43d0-b751-1fa3425ffdd0 - 1학년 무용(한국무용)(2~4교시) - 금산초등학교_금산 : SUCCEED
PROCESSING 559: c_300097142_5f86d175-7c00-43d0-b751-1fa3425ffdd0 - 2학년 무용(실용무용)(2~4교시) - 금산초등학교_금산 : SUCCEED
PROCESSING 560: c_300097142_e65b0555-0b4a-4fbd-9354-9c5cf6ed54ae - 4~6학년 연극(1,2교시) - 남이초등학교 : SUCCEED
API Cooling Down for 10 Sec
PROCESSING 561: c_300097142_e65b0555-0b4a-4fbd-9354-9c5cf6ed54ae - 1~3학년 연극(3,4교시) - 남이초등학교 : SUCCEED
PROCESSING 562: c_300097142_720c9981-04a6-45ed-8a83-f07f6cb1ce9b - 1~3학년 실용음악(밴드)(6,7교시) - 부리중학교 : FAIL
 - CODE : SERVICE_UNAVAILABLE - Service failure
PROCESSING 563: c_300097142_720c9981-04a6-45ed-8a83-f07f6cb1ce9b - 1~3학년 마술(6,7교시) - 부리중학교 : FAIL
 - CODE : SERVICE_UNAVAILABLE - Service failure
PROCESSING 564: c_300097142_a037425b-139d-4ada-85c4-afcaf3ae1106 - 1~6학년 음악(합창)(1~6교시) - 상곡초등학교 : SUCCEED
PROCESSING 565: c_300097142_a037425b-139d-4ada-85c4-afcaf3ae1106 - 1~6학년 무용(실용무용)(1~6교시) - 상곡초등학교 : SUCCEED
PROCESSING 566: c_300097142_a037425b-139d-4ada-85c4-afcaf3ae1106 - 1~6학년 만화(1~6교시) - 상곡초등학교 : SUCCEED
PROCESSING 567: c_300097142_a037425b-139d-4ada-85c4-afcaf3ae1106 - 1~6학년 전통악기(단소,소금,장구)(1~6교시) - 상곡초등학교 : SUCCEED
PROCESSING 568: c_300097142_b3323e89-f973-4755-9bc3-a57ea63f4ab6 - 4~6학년 연극(행위예술)(1~3교시) - 성대초등학교 : SUCCEED
PROCESSING 569: c_300097142_f683afb0-e65b-497c-8a0a-784cc3c66c6f - 5,6학년 무용(비보이)(3,4교시) - 신대초등학교 : SUCCEED
PROCESSING 570: c_300097142_f683afb0-e65b-497c-8a0a-784cc3c66c6f - 3,4학년 연극(3,4교시) - 신대초등학교 : SUCCEED
API Cooling Down for 10 Sec
PROCESSING 571: c_300097142_3572749f-9f8f-43df-a325-c4e6fa66bc36 - 5학년 미술(수채화)(5,6교시) - 추부초등학교 : SUCCEED
PROCESSING 572: c_300097142_3572749f-9f8f-43df-a325-c4e6fa66bc36 - 3학년 국악(3교시) - 추부초등학교 : SUCCEED
PROCESSING 573: c_300097142_3572749f-9f8f-43df-a325-c4e6fa66bc36 - 4학년 국악(2교시) - 추부초등학교 : SUCCEED
PROCESSING 574: c_300097142_3572749f-9f8f-43df-a325-c4e6fa66bc36 - 3학년 연극(4교시) - 추부초등학교 : SUCCEED
PROCESSING 575: c_300097142_3572749f-9f8f-43df-a325-c4e6fa66bc36 - 4학년 연극(3교시) - 추부초등학교 : SUCCEED
PROCESSING 576: c_300097142_3572749f-9f8f-43df-a325-c4e6fa66bc36 - 5학년 미술(수채화)(5,6교시) - 추부초등학교 : SUCCEED
PROCESSING 577: c_300097142_fb4bfc9b-0288-49b3-9972-130330cc9837 - 1~3학년 음악(합창)(1,2교시) - 가야곡초등학교 : SUCCEED
PROCESSING 578: c_300097142_fb4bfc9b-0288-49b3-9972-130330cc9837 - 4~6학년 음악(합창)(3,4교시) - 가야곡초등학교 : SUCCEED
PROCESSING 579: c_300097142_140adcfe-6e47-4fc0-8bac-eb152775d4c4 - 1학년 미술(수채화)(1,2교시) - 강경산양초등학교 : SUCCEED
PROCESSING 580: c_300097142_140adcfe-6e47-4fc0-8bac-eb152775d4c4 - 2학년 미술(수채화)(3,4교시) - 강경산양초등학교 : SUCCEED
API Cooling Down for 10 Sec
PROCESSING 581: c_300097142_140adcfe-6e47-4fc0-8bac-eb152775d4c4 - 3학년 미술(수채화)(3,4교시) - 강경산양초등학교 : SUCCEED
PROCESSING 582: c_300097142_fb5b1e44-b8be-4553-98e4-b9791f193b2a - 3,4학년 음악(난타)(1,2교시) - 강경중앙초등학교 : SUCCEED
PROCESSING 583: c_300097142_fb5b1e44-b8be-4553-98e4-b9791f193b2a - 5,6학년 음악(난타)(3,4교시) - 강경중앙초등학교 : SUCCEED
PROCESSING 584: c_300097142_e0c75b25-2be3-49e0-a4ed-493e00bd33f3 - 1~3학년 사물놀이(3교시) - 광석중학교 : SUCCEED
PROCESSING 585: c_300097142_249f128e-edb9-4db9-b5ed-8c8267158084 - 4학년 연극(1,2교시) - 부적초등학교 : SUCCEED
PROCESSING 586: c_300097142_249f128e-edb9-4db9-b5ed-8c8267158084 - 2학년 연극(3,4교시) - 부적초등학교 : SUCCEED
PROCESSING 587: c_300097142_249f128e-edb9-4db9-b5ed-8c8267158084 - 6학년 연극(5,6교시) - 부적초등학교 : SUCCEED
PROCESSING 588: c_300097142_b21c8174-d2b6-485c-8ca7-24bf63116773 - 1,2학년 연극(1,2교시) - 상월초등학교 : SUCCEED
PROCESSING 589: c_300097142_b21c8174-d2b6-485c-8ca7-24bf63116773 - 3,4학년 연극(3,4교시) - 상월초등학교 : SUCCEED
PROCESSING 590: c_300097142_b21c8174-d2b6-485c-8ca7-24bf63116773 - 5,6학년 연극(5,6교시) - 상월초등학교 : SUCCEED
API Cooling Down for 10 Sec
PROCESSING 591: c_300097142_05dbe98e-e132-4a1d-a9ef-b2beb199549c - 3~6학년 미술(수채화)(1~4교시) - 성덕초등학교 : SUCCEED
PROCESSING 592: c_300097142_05dbe98e-e132-4a1d-a9ef-b2beb199549c - 1,2학년 기악(1~4교시) - 성덕초등학교 : SUCCEED
PROCESSING 593: c_300097142_82ef86b8-b271-425f-81b0-71f5cf4ee116 - 1,2학년 판소리(3,4교시) - 왕전초등학교 : SUCCEED
PROCESSING 594: c_300097142_82ef86b8-b271-425f-81b0-71f5cf4ee116 - 3,4학년 판소리(1,2교시) - 왕전초등학교 : SUCCEED
PROCESSING 595: c_300097142_82ef86b8-b271-425f-81b0-71f5cf4ee116 - 5,6학년 판소리(5,6교시) - 왕전초등학교 : SUCCEED
PROCESSING 596: c_300097142_55808550-b76a-404d-86d7-4081b9c1b0da - 1,2학년 연극(1,2교시) - 이화초등학교 : SUCCEED
PROCESSING 597: c_300097142_55808550-b76a-404d-86d7-4081b9c1b0da - 3학년 연극(3교시) - 이화초등학교 : SUCCEED
PROCESSING 598: c_300097142_55808550-b76a-404d-86d7-4081b9c1b0da - 4학년 연극(4교시) - 이화초등학교 : SUCCEED
PROCESSING 599: c_300097142_55808550-b76a-404d-86d7-4081b9c1b0da - 5,6학년 연극(5,6교시) - 이화초등학교 : SUCCEED
PROCESSING 600: c_300097142_a17e7fba-ba43-4410-89fb-1b5daeb64573 - 1학년 무용(2교시) - 채운초등학교 : SUCCEED
API Cooling Down for 10 Sec
PROCESSING 601: c_300097142_a17e7fba-ba43-4410-89fb-1b5daeb64573 - 2학년 무용(3교시) - 채운초등학교 : SUCCEED
PROCESSING 602: c_300097142_a17e7fba-ba43-4410-89fb-1b5daeb64573 - 3학년 연극(뮤지컬)(3,4교시) - 채운초등학교 : SUCCEED
PROCESSING 603: c_300097142_927a2d02-8b3d-4127-940e-feba78e73134 - 1~3학년 무용(뮤지컬댄스)(6,7교시) - 고대중학교 : SUCCEED
PROCESSING 604: c_300097142_927a2d02-8b3d-4127-940e-feba78e73134 - 1~3학년 음악(난타)(6,7교시) - 고대중학교 : SUCCEED
PROCESSING 605: c_300097142_a66c166d-f69b-4dec-9cf2-2a94bc054d21 - 1학년 무용(현대무용)(1,2교시) - 고산초등학교_당진 : SUCCEED
PROCESSING 606: c_300097142_a66c166d-f69b-4dec-9cf2-2a94bc054d21 - 2학년 무용(현대무용)(3,4교시) - 고산초등학교_당진 : SUCCEED
PROCESSING 607: c_300097142_a66c166d-f69b-4dec-9cf2-2a94bc054d21 - 3학년 무용(현대무용)(5,6교시) - 고산초등학교_당진 : SUCCEED
PROCESSING 608: c_300097142_a66c166d-f69b-4dec-9cf2-2a94bc054d21 - 4학년 연극(3,4교시) - 고산초등학교_당진 : SUCCEED
PROCESSING 609: c_300097142_a66c166d-f69b-4dec-9cf2-2a94bc054d21 - 5학년 연극(1,2교시) - 고산초등학교_당진 : SUCCEED
PROCESSING 610: c_300097142_a66c166d-f69b-4dec-9cf2-2a94bc054d21 - 6학년 연극(5,6교시) - 고산초등학교_당진 : SUCCEED
API Cooling Down for 10 Sec
PROCESSING 611: c_300097142_2e3cee07-c858-46eb-a985-cd9d56cebae8 - 3학년 무용(3,4교시) - 삼봉초등학교 : SUCCEED
PROCESSING 612: c_300097142_2e3cee07-c858-46eb-a985-cd9d56cebae8 - 1학년 민요(2교시) - 삼봉초등학교 : SUCCEED
PROCESSING 613: c_300097142_2e3cee07-c858-46eb-a985-cd9d56cebae8 - 2학년 민요(1교시) - 삼봉초등학교 : SUCCEED
PROCESSING 614: c_300097142_2e3cee07-c858-46eb-a985-cd9d56cebae8 - 3학년 민요(3교시) - 삼봉초등학교 : SUCCEED
PROCESSING 615: c_300097142_2e3cee07-c858-46eb-a985-cd9d56cebae8 - 4학년 민요(4교시) - 삼봉초등학교 : SUCCEED
PROCESSING 616: c_300097142_2e3cee07-c858-46eb-a985-cd9d56cebae8 - 5학년 전통악기(단소)(2교시) - 삼봉초등학교 : SUCCEED
PROCESSING 617: c_300097142_2e3cee07-c858-46eb-a985-cd9d56cebae8 - 6학년 전통악기(단소)(3교시) - 삼봉초등학교 : SUCCEED
PROCESSING 618: c_300097142_084967a7-038a-4427-ac1c-1570cd8c9b88 - 3~5학년 연극(뮤지컬)(1,2교시) - 정미초등학교 : SUCCEED
PROCESSING 619: c_300097142_084967a7-038a-4427-ac1c-1570cd8c9b88 - 1,2학년 연극(뮤지컬)(3,4교시) - 정미초등학교 : SUCCEED
PROCESSING 620: c_300097142_88c595ff-ff40-4565-9588-aeb91760e1da - 1~3학년 무용(실용무용)(1~3교시) - 천의초등학교 : SUCCEED
API Cooling Down for 10 Sec
PROCESSING 621: c_300097142_88c595ff-ff40-4565-9588-aeb91760e1da - 4~6학년 무용(실용무용)(1~3교시) - 천의초등학교 : SUCCEED
PROCESSING 622: c_300097142_d1a73065-d66b-43e8-9e3f-d73bc2487f85 - 1~6학년 사물놀이(3,4교시) - 초락초등학교 : SUCCEED
PROCESSING 623: c_300097142_0fb43462-3349-4990-a986-5e29b25f850e - 1,2학년 미술(공예)(1,2교시) - 한정초등학교 : SUCCEED
PROCESSING 624: c_300097142_0fb43462-3349-4990-a986-5e29b25f850e - 3~6학년 미술(공예)(3,4교시) - 한정초등학교 : SUCCEED
PROCESSING 625: c_300097142_0fb43462-3349-4990-a986-5e29b25f850e - 1,2학년 만화(1,2교시) - 한정초등학교 : SUCCEED
PROCESSING 626: c_300097142_0fb43462-3349-4990-a986-5e29b25f850e - 3~6학년 만화(3,4교시) - 한정초등학교 : SUCCEED
PROCESSING 627: c_300097142_19b7af36-abd7-4876-a2aa-b14e8a8c404a - 1~3학년 음악(합창)(3,4교시) - 개화초등학교 : SUCCEED
PROCESSING 628: c_300097142_19b7af36-abd7-4876-a2aa-b14e8a8c404a - 4~6학년 음악(합창)(1,2교시) - 개화초등학교 : SUCCEED
PROCESSING 629: c_300097142_efcda86c-ee87-42db-b57c-4c5f77c3083b - 5학년 영상(유튜브촬영및편집)(1~3교시) - 대창초등학교 : SUCCEED
PROCESSING 630: c_300097142_efcda86c-ee87-42db-b57c-4c5f77c3083b - 1,2학년 무용(현대무용)(1~3교시) - 대창초등학교 : SUCCEED
API Cooling Down for 10 Sec
PROCESSING 631: c_300097142_c6127169-c082-4b86-abbf-bebdd261c264 - 5,6학년 판소리(1,2교시) - 미산초등학교 : SUCCEED
PROCESSING 632: c_300097142_f5a8270f-8561-4312-9972-69455af0d84c - 4학년 미술(서예)(1~3교시) - 송학초등학교 : SUCCEED
PROCESSING 633: c_300097142_f5a8270f-8561-4312-9972-69455af0d84c - 3학년 미술(수묵화)(1~3교시) - 송학초등학교 : SUCCEED
PROCESSING 634: c_300097142_f5a8270f-8561-4312-9972-69455af0d84c - 1학년 전래놀이(1~3교시) - 송학초등학교 : SUCCEED
PROCESSING 635: c_300097142_f5a8270f-8561-4312-9972-69455af0d84c - 2학년 전래놀이(1~3교시) - 송학초등학교 : SUCCEED
PROCESSING 636: c_300097142_f5a8270f-8561-4312-9972-69455af0d84c - 5학년 미술(수묵화)(1~3교시) - 송학초등학교 : SUCCEED
PROCESSING 637: c_300097142_f5a8270f-8561-4312-9972-69455af0d84c - 6학년 미술(수채화)(1~3교시) - 송학초등학교 : SUCCEED
PROCESSING 638: c_300097142_9fbffe6c-7815-4d02-9aba-c83da009665b - 3학년 연극(2교시) - 옥계초등학교 : SUCCEED
PROCESSING 639: c_300097142_9fbffe6c-7815-4d02-9aba-c83da009665b - 4,5학년 연극(3교시) - 옥계초등학교 : SUCCEED
PROCESSING 640: c_300097142_9fbffe6c-7815-4d02-9aba-c83da009665b - 6학년 연극(4교시) - 옥계초등학교 : SUCCEED
API Cooling Down for 10 Sec
PROCESSING 641: c_300097142_23ca0cbc-2932-417d-8e00-6529c17de7ae - 1학년 무용(실용무용)(1교시) - 웅천초등학교 : SUCCEED
PROCESSING 642: c_300097142_23ca0cbc-2932-417d-8e00-6529c17de7ae - 2학년 무용(실용무용)(2교시) - 웅천초등학교 : SUCCEED
PROCESSING 643: c_300097142_23ca0cbc-2932-417d-8e00-6529c17de7ae - 3학년 무용(실용무용)(3교시) - 웅천초등학교 : SUCCEED
PROCESSING 644: c_300097142_23ca0cbc-2932-417d-8e00-6529c17de7ae - 5학년 무용(실용무용)(4교시) - 웅천초등학교 : SUCCEED
PROCESSING 645: c_300097142_23ca0cbc-2932-417d-8e00-6529c17de7ae - 6학년 무용(실용무용)(5교시) - 웅천초등학교 : SUCCEED
PROCESSING 646: c_300097142_dc49cda6-d732-4ba4-94ca-47da6f8bac66 - 1,2학년 미술(공예)(2~4교시) - 천북초등학교 : SUCCEED
PROCESSING 647: c_300097142_dc49cda6-d732-4ba4-94ca-47da6f8bac66 - 3,4학년 미술(공예)(2~4교시) - 천북초등학교 : SUCCEED
PROCESSING 648: c_300097142_dc49cda6-d732-4ba4-94ca-47da6f8bac66 - 5,6학년 미술(공예)(2~4교시) - 천북초등학교 : SUCCEED
PROCESSING 649: c_300097142_2c7913eb-95f2-4b15-9a95-50684bdd65f0 - 3,4학년 연극(뮤지컬)(3,4교시) - 청라초등학교 : SUCCEED
PROCESSING 650: c_300097142_2c7913eb-95f2-4b15-9a95-50684bdd65f0 - 5,6학년 연극(뮤지컬)(1,2교시) - 청라초등학교 : SUCCEED
API Cooling Down for 10 Sec
PROCESSING 651: c_300097142_2c7913eb-95f2-4b15-9a95-50684bdd65f0 - 1~6학년 전래놀이(1~6교시) - 청라초등학교 : SUCCEED
PROCESSING 652: c_300097142_2c7913eb-95f2-4b15-9a95-50684bdd65f0 - 1~6학년 미술(도예)(6교시) - 청라초등학교 : SUCCEED
PROCESSING 653: c_300097142_815965eb-81fb-48c8-88ab-83087d9228fb - 1,2학년 무용(현대무용)(3,4교시) - 청보초등학교 : SUCCEED
PROCESSING 654: c_300097142_e8ed455f-6413-4ddb-9a15-547f74688fed - 1,2학년 무용(K-POP)(1,2교시) - 청파초등학교 : SUCCEED
PROCESSING 655: c_300097142_e8ed455f-6413-4ddb-9a15-547f74688fed - 3,4학년 무용(K-POP)(3,4교시) - 청파초등학교 : SUCCEED
PROCESSING 656: c_300097142_e8ed455f-6413-4ddb-9a15-547f74688fed - 5,6학년 연극(뮤지컬)(5,6교시) - 청파초등학교 : SUCCEED
PROCESSING 657: c_300097142_e8ed455f-6413-4ddb-9a15-547f74688fed - 1학년 무용(K-POP)(1~3교시) - 청파초등학교 외연도분교 녹도학습장 : SUCCEED
PROCESSING 658: c_300097142_e8ed455f-6413-4ddb-9a15-547f74688fed - 4,6학년 무용(K-POP)(4~6교시) - 청파초등학교 외연도분교 녹도학습장 : SUCCEED
PROCESSING 659: c_300097142_3fc52a62-7205-417a-8ad6-c9f7f1f20998 - 5,6학년 에니메이션(5,6교시) - 내산초등학교 : SUCCEED
PROCESSING 660: c_300097142_3fc52a62-7205-417a-8ad6-c9f7f1f20998 - 1학년 만화(1,2교시) - 내산초등학교 : SUCCEED
API Cooling Down for 10 Sec
PROCESSING 661: c_300097142_3fc52a62-7205-417a-8ad6-c9f7f1f20998 - 2학년 만화(3,4교시) - 내산초등학교 : SUCCEED
PROCESSING 662: c_300097142_f85a5618-f5c2-4fd6-af69-745c414afb91 - 1학년 만화(1교시) - 대왕초등학교 : SUCCEED
PROCESSING 663: c_300097142_f85a5618-f5c2-4fd6-af69-745c414afb91 - 2학년 만화(2교시) - 대왕초등학교 : SUCCEED
PROCESSING 664: c_300097142_f85a5618-f5c2-4fd6-af69-745c414afb91 - 3,4학년 만화(3교시) - 대왕초등학교 : SUCCEED
PROCESSING 665: c_300097142_f85a5618-f5c2-4fd6-af69-745c414afb91 - 5,6학년 만화(4교시) - 대왕초등학교 : SUCCEED
PROCESSING 666: c_300097142_ce3e44ae-0cee-4275-8593-2b14310bcfae - 2~6학년 음악(합창)(8교시) - 석성초등학교 : SUCCEED
PROCESSING 667: c_300097142_ce3e44ae-0cee-4275-8593-2b14310bcfae - 2학년 음악(합창)(7교시) - 석성초등학교 : SUCCEED
PROCESSING 668: c_300097142_45f426b1-ba26-4057-8956-d8665d833ad4 - 5학년 연극(1,2교시) - 석양초등학교 : SUCCEED
PROCESSING 669: c_300097142_45f426b1-ba26-4057-8956-d8665d833ad4 - 6학년 연극(3,4교시) - 석양초등학교 : SUCCEED
PROCESSING 670: c_300097142_76be3120-38c9-4c38-bdaf-afe329ec7fd7 - 1,2학년 사물놀이(1,2교시) - 양화초등학교 : SUCCEED
API Cooling Down for 10 Sec
PROCESSING 671: c_300097142_76be3120-38c9-4c38-bdaf-afe329ec7fd7 - 3~6학년 사물놀이(3,4교시) - 양화초등학교 : SUCCEED
PROCESSING 672: c_300097142_10b68139-6d22-44f5-b17f-0a68db501842 - 1~4학년 연극(5교시) - 옥산초등학교 : SUCCEED
PROCESSING 673: c_300097142_10b68139-6d22-44f5-b17f-0a68db501842 - 5,6학년 연극(6교시) - 옥산초등학교 : SUCCEED
PROCESSING 674: c_300097142_2d7416e3-927f-496e-8650-0482563c595d - 3학년 국악(1,2교시) - 장암초등학교 : SUCCEED
PROCESSING 675: c_300097142_2d7416e3-927f-496e-8650-0482563c595d - 3학년 국악(1,2교시) - 장암초등학교 : SUCCEED
PROCESSING 676: c_300097142_2d7416e3-927f-496e-8650-0482563c595d - 3학년 국악(1,2교시) - 장암초등학교 : SUCCEED
PROCESSING 677: c_300097142_2d7416e3-927f-496e-8650-0482563c595d - 3학년 국악(1,2교시) - 장암초등학교 : SUCCEED
PROCESSING 678: c_300097142_2d7416e3-927f-496e-8650-0482563c595d - 4학년 국악(3,4교시) - 장암초등학교 : SUCCEED
PROCESSING 679: c_300097142_2d7416e3-927f-496e-8650-0482563c595d - 4학년 국악(3,4교시) - 장암초등학교 : SUCCEED
PROCESSING 680: c_300097142_2d7416e3-927f-496e-8650-0482563c595d - 4학년 국악(3,4교시) - 장암초등학교 : SUCCEED
API Cooling Down for 10 Sec
PROCESSING 681: c_300097142_2d7416e3-927f-496e-8650-0482563c595d - 4학년 국악(3,4교시) - 장암초등학교 : SUCCEED
PROCESSING 682: c_300097142_2d7416e3-927f-496e-8650-0482563c595d - 1학년 무용(방송댄스)(1,2교시) - 장암초등학교 : SUCCEED
PROCESSING 683: c_300097142_2d7416e3-927f-496e-8650-0482563c595d - 2학년 무용(방송댄스)(3,4교시) - 장암초등학교 : SUCCEED
PROCESSING 684: c_300097142_04ec1d52-3a9e-47c6-80c8-2041db3811a2 - 5학년 국악(3,4교시) - 초촌초등학교 : SUCCEED
PROCESSING 685: c_300097142_04ec1d52-3a9e-47c6-80c8-2041db3811a2 - 6학년 국악(5,6교시) - 초촌초등학교 : SUCCEED
PROCESSING 686: c_300097142_f5384dea-eafe-4506-8c48-0638fa5cac30 - 1~3학년 에니메이션(3,4교시) - 충화초등학교 : SUCCEED
PROCESSING 687: c_300097142_f5384dea-eafe-4506-8c48-0638fa5cac30 - 4~6학년 에니메이션(1,2교시) - 충화초등학교 : SUCCEED
PROCESSING 688: c_300097142_df3c11c1-5917-4a43-b4ef-107b6ab38eb0 - 1학년 무용(실용무용)(1교시) - 강당초등학교 : SUCCEED
PROCESSING 689: c_300097142_df3c11c1-5917-4a43-b4ef-107b6ab38eb0 - 2학년 무용(실용무용)(2교시) - 강당초등학교 : SUCCEED
PROCESSING 690: c_300097142_df3c11c1-5917-4a43-b4ef-107b6ab38eb0 - 3학년 무용(실용무용)(3교시) - 강당초등학교 : SUCCEED
API Cooling Down for 10 Sec
PROCESSING 691: c_300097142_df3c11c1-5917-4a43-b4ef-107b6ab38eb0 - 4학년 무용(실용무용)(4교시) - 강당초등학교 : SUCCEED
PROCESSING 692: c_300097142_23bb8209-9c28-4371-875d-612f5ca17666 - 1학년 연극(행위예술)(6,7교시) - 부석중학교 : SUCCEED
PROCESSING 693: c_300097142_23bb8209-9c28-4371-875d-612f5ca17666 - 1~3학년 음악(아카펠라)(1~6교시) - 부석중학교 : SUCCEED
PROCESSING 694: c_300097142_23bb8209-9c28-4371-875d-612f5ca17666 - 1~3학년 마술(1~6교시) - 부석중학교 : SUCCEED
PROCESSING 695: c_300097142_23bb8209-9c28-4371-875d-612f5ca17666 - 1~3학년 음악(난타)(1~6교시) - 부석중학교 : SUCCEED
PROCESSING 696: c_300097142_5c63d350-c364-4466-b0b6-fcebc1eab0ed - 3,4학년 영화(휴대폰촬영영화)(3,4교시) - 부석초등학교 : SUCCEED
PROCESSING 697: c_300097142_5c63d350-c364-4466-b0b6-fcebc1eab0ed - 1,2학년 미술(액션페인팅)(3,4교시) - 부석초등학교 : SUCCEED
PROCESSING 698: c_300097142_98550ef0-8619-47be-920c-847a6d2b42f0 - 1~4학년 전래놀이(1,2교시) - 오산초등학교 : SUCCEED
PROCESSING 699: c_300097142_98550ef0-8619-47be-920c-847a6d2b42f0 - 5,6학년 전래놀이(3,4교시) - 오산초등학교 : SUCCEED
PROCESSING 700: c_300097142_1f01b34e-1e11-487a-b90b-f7f9dc528fe5 - 1학년 음악(난타)(1교시) - 운산초등학교 : SUCCEED
API Cooling Down for 10 Sec
PROCESSING 701: c_300097142_1f01b34e-1e11-487a-b90b-f7f9dc528fe5 - 2학년 음악(난타)(2교시) - 운산초등학교 : SUCCEED
PROCESSING 702: c_300097142_1f01b34e-1e11-487a-b90b-f7f9dc528fe5 - 3학년 음악(난타)(5교시) - 운산초등학교 : SUCCEED
PROCESSING 703: c_300097142_1f01b34e-1e11-487a-b90b-f7f9dc528fe5 - 4학년 음악(난타)(6교시) - 운산초등학교 : SUCCEED
PROCESSING 704: c_300097142_1f01b34e-1e11-487a-b90b-f7f9dc528fe5 - 5학년 음악(난타)(3교시) - 운산초등학교 : SUCCEED
PROCESSING 705: c_300097142_1f01b34e-1e11-487a-b90b-f7f9dc528fe5 - 6학년 음악(난타)(4교시) - 운산초등학교 : SUCCEED
PROCESSING 706: c_300097142_e8d02945-e4d7-450b-ae54-cc2d8b2127a2 - 1,2학년 사물놀이(1,2교시) - 운신초등학교 : SUCCEED
PROCESSING 707: c_300097142_e8d02945-e4d7-450b-ae54-cc2d8b2127a2 - 3,4학년 사물놀이(3,4교시) - 운신초등학교 : SUCCEED
PROCESSING 708: c_300097142_e8d02945-e4d7-450b-ae54-cc2d8b2127a2 - 5,6학년 무용(실용무용) > Kpop(5,6교시) - 운신초등학교 : SUCCEED
PROCESSING 709: c_300097142_1490637f-6ff8-4694-a729-8cd28bbd8806 - 1학년 미술(공예)(1,2교시) - 팔봉초등학교 : SUCCEED
PROCESSING 710: c_300097142_1490637f-6ff8-4694-a729-8cd28bbd8806 - 2학년 미술(공예)(3,4교시) - 팔봉초등학교 : SUCCEED
API Cooling Down for 10 Sec
PROCESSING 711: c_300097142_1490637f-6ff8-4694-a729-8cd28bbd8806 - 6학년 미술(공예)(5,6교시) - 팔봉초등학교 : SUCCEED
PROCESSING 712: c_300097142_1490637f-6ff8-4694-a729-8cd28bbd8806 - 3학년 무용(현대무용)(2~4교시) - 팔봉초등학교 : SUCCEED
PROCESSING 713: c_300097142_1490637f-6ff8-4694-a729-8cd28bbd8806 - 4학년 무용(현대무용)(1~3교시) - 팔봉초등학교 : SUCCEED
PROCESSING 714: c_300097142_1490637f-6ff8-4694-a729-8cd28bbd8806 - 6학년 무용(현대무용)(4~6교시) - 팔봉초등학교 : SUCCEED
PROCESSING 715: c_300097142_1490637f-6ff8-4694-a729-8cd28bbd8806 - 3학년 음악(합창)(1교시) - 팔봉초등학교 : SUCCEED
PROCESSING 716: c_300097142_1490637f-6ff8-4694-a729-8cd28bbd8806 - 4학년 음악(합창)(2교시) - 팔봉초등학교 : SUCCEED
PROCESSING 717: c_300097142_1490637f-6ff8-4694-a729-8cd28bbd8806 - 5학년 음악(합창)(3교시) - 팔봉초등학교 : SUCCEED
PROCESSING 718: c_300097142_24bd23f5-8bf5-4cc9-a297-60c0e61459c9 - 1~3학년 사진(1~3교시) - 기산초등학교 : SUCCEED
PROCESSING 719: c_300097142_24bd23f5-8bf5-4cc9-a297-60c0e61459c9 - 5,6학년 사진(4~6교시) - 기산초등학교 : SUCCEED
PROCESSING 720: c_300097142_24bd23f5-8bf5-4cc9-a297-60c0e61459c9 - 1~3학년 만화(1~3교시) - 기산초등학교 : SUCCEED
API Cooling Down for 10 Sec
PROCESSING 721: c_300097142_24bd23f5-8bf5-4cc9-a297-60c0e61459c9 - 5,6학년 만화(4~6교시) - 기산초등학교 : SUCCEED
PROCESSING 722: c_300097142_4d2868a1-f788-4612-9cfa-34a355841eec - 1,2학년 영상(유튜브촬영및편집)(3,4교시) - 문산초등학교 : SUCCEED
PROCESSING 723: c_300097142_4d2868a1-f788-4612-9cfa-34a355841eec - 4~6학년 영상(유튜브촬영및편집)(1,2교시) - 문산초등학교 : SUCCEED
PROCESSING 724: c_300097142_342df35a-dd1e-48d3-8a2e-81d8361dae27 - 3~6학년 음악(중창)(3,4교시) - 부내초등학교 : SUCCEED
PROCESSING 725: c_300097142_342df35a-dd1e-48d3-8a2e-81d8361dae27 - 6학년 음악(통기타)(2,3교시) - 부내초등학교 : SUCCEED
PROCESSING 726: c_300097142_74a268e9-695e-4e82-b808-2beb7e8c17c3 - 3,4학년 미술(서예)(2~4교시) - 비인초등학교 : SUCCEED
PROCESSING 727: c_300097142_74a268e9-695e-4e82-b808-2beb7e8c17c3 - 5,6학년 미술(서예)(2~4교시) - 비인초등학교 : SUCCEED
PROCESSING 728: c_300097142_74a268e9-695e-4e82-b808-2beb7e8c17c3 - 1~3학년 음악(합창)(4교시) - 비인초등학교 : SUCCEED
PROCESSING 729: c_300097142_74a268e9-695e-4e82-b808-2beb7e8c17c3 - 4~6학년 음악(합창)(3교시) - 비인초등학교 : SUCCEED
PROCESSING 730: c_300097142_7d84a110-b627-48fa-be7d-09e65e701eb7 - 6학년 미술(서예)(2~4교시) - 오성초등학교 : SUCCEED
API Cooling Down for 10 Sec
PROCESSING 731: c_300097142_7d84a110-b627-48fa-be7d-09e65e701eb7 - 1학년 연극(3,4교시) - 오성초등학교 : SUCCEED
PROCESSING 732: c_300097142_7d84a110-b627-48fa-be7d-09e65e701eb7 - 2학년 연극(1,2교시) - 오성초등학교 : SUCCEED
PROCESSING 733: c_300097142_7d84a110-b627-48fa-be7d-09e65e701eb7 - 3학년 연극(5,6교시) - 오성초등학교 : SUCCEED
PROCESSING 734: c_300097142_7d84a110-b627-48fa-be7d-09e65e701eb7 - 5학년 연극(2~4교시) - 오성초등학교 : SUCCEED
PROCESSING 735: c_300097142_7d84a110-b627-48fa-be7d-09e65e701eb7 - 5학년 탈춤(2~4교시) - 오성초등학교 : SUCCEED
PROCESSING 736: c_300097142_7d84a110-b627-48fa-be7d-09e65e701eb7 - 4학년 에니메이션(1~3교시) - 오성초등학교 : SUCCEED
PROCESSING 737: c_300097142_7d84a110-b627-48fa-be7d-09e65e701eb7 - 6학년 무용(라인댄스)(2~4교시) - 오성초등학교 : SUCCEED
PROCESSING 738: c_300097142_7d84a110-b627-48fa-be7d-09e65e701eb7 - 3학년 무용(실용무용)(2~4교시) - 오성초등학교 : SUCCEED
PROCESSING 739: c_300097142_3c3b0f74-bdfd-4f80-97cb-b41d5bdb63e0 - 6학년 미술(조소/조각)(1,2교시) - 한산초등학교 : SUCCEED
PROCESSING 740: c_300097142_3c3b0f74-bdfd-4f80-97cb-b41d5bdb63e0 - 5학년 미술(조소/조각)(3,4교시) - 한산초등학교 : SUCCEED
API Cooling Down for 10 Sec
PROCESSING 741: c_300097142_3c3b0f74-bdfd-4f80-97cb-b41d5bdb63e0 - 6학년 영상(유튜브촬영및편집)(1,2교시) - 한산초등학교 : SUCCEED
PROCESSING 742: c_300097142_3c3b0f74-bdfd-4f80-97cb-b41d5bdb63e0 - 5학년 영상(유튜브촬영및편집)(3,4교시) - 한산초등학교 : SUCCEED
PROCESSING 743: c_300097142_3c3b0f74-bdfd-4f80-97cb-b41d5bdb63e0 - 1,2학년 전통악기(3교시) - 한산초등학교 : SUCCEED
PROCESSING 744: c_300097142_3c3b0f74-bdfd-4f80-97cb-b41d5bdb63e0 - 3학년 전통악기(4교시) - 한산초등학교 : SUCCEED
PROCESSING 745: c_300097142_3c3b0f74-bdfd-4f80-97cb-b41d5bdb63e0 - 4학년 전통악기(5교시) - 한산초등학교 : SUCCEED
PROCESSING 746: c_300097142_3c3b0f74-bdfd-4f80-97cb-b41d5bdb63e0 - 5,6학년 전통악기(6교시) - 한산초등학교 : SUCCEED
PROCESSING 747: c_300097142_0ce5d581-5895-4a90-b73f-35fc2af89e4e - 3,4학년 미술(공예)(3,4교시) - 화양초등학교 : SUCCEED
PROCESSING 748: c_300097142_0ce5d581-5895-4a90-b73f-35fc2af89e4e - 5,6학년 미술(공예)(1,2교시) - 화양초등학교 : SUCCEED
PROCESSING 749: c_300097142_f151264e-4817-4693-a59a-430ebb003af9 - 3학년 연극(5,6교시) - 거산초등학교 : SUCCEED
PROCESSING 750: c_300097142_368a9c24-2ce1-4696-97b4-26e479966541 - 1~3학년 미술(조소)(1,2교시) - 관대초등학교 : SUCCEED
API Cooling Down for 10 Sec
PROCESSING 751: c_300097142_368a9c24-2ce1-4696-97b4-26e479966541 - 4~6학년 미술(조소)(3,4교시) - 관대초등학교 : SUCCEED
PROCESSING 752: c_300097142_5db6af1e-f721-46f7-be7d-118cbe743d49 - 2학년 음악(타악기)(1,2교시) - 금성초등학교 : SUCCEED
PROCESSING 753: c_300097142_5db6af1e-f721-46f7-be7d-118cbe743d49 - 3학년 음악(난타)(3,4교시) - 금성초등학교 : SUCCEED
PROCESSING 754: c_300097142_5db6af1e-f721-46f7-be7d-118cbe743d49 - 5학년 음악(난타)(5,6교시) - 금성초등학교 : SUCCEED
PROCESSING 755: c_300097142_5db6af1e-f721-46f7-be7d-118cbe743d49 - 1학년 탈춤(1,2교시) - 금성초등학교 : SUCCEED
PROCESSING 756: c_300097142_5db6af1e-f721-46f7-be7d-118cbe743d49 - 4학년 영화(휴대폰촬영영화)(1,2교시) - 금성초등학교 : SUCCEED
PROCESSING 757: c_300097142_5db6af1e-f721-46f7-be7d-118cbe743d49 - 6학년 연극(뮤지컬)(5,6교시) - 금성초등학교 : SUCCEED
PROCESSING 758: c_300097142_7be9b311-fac7-45ed-96e2-ad3eb91b57dd - 3,4학년 탈춤(4,5교시) - 신화초등학교 : SUCCEED
PROCESSING 759: c_300097142_7be9b311-fac7-45ed-96e2-ad3eb91b57dd - 5,6학년 영상(유튜브촬영및편집)(3,4교시) - 신화초등학교 : SUCCEED
PROCESSING 760: c_300097142_7be9b311-fac7-45ed-96e2-ad3eb91b57dd - 1,2학년 전래놀이(3,4교시) - 신화초등학교 : SUCCEED
API Cooling Down for 10 Sec
PROCESSING 761: c_300097142_447be281-c1eb-405c-85e3-9472b2a9e9f9 - 1,2학년 미술(회화)(3,4교시) - 쌍룡초등학교 : SUCCEED
PROCESSING 762: c_300097142_447be281-c1eb-405c-85e3-9472b2a9e9f9 - 3,4학년 미술(회화)(1,2교시) - 쌍룡초등학교 : SUCCEED
PROCESSING 763: c_300097142_447be281-c1eb-405c-85e3-9472b2a9e9f9 - 5,6학년 미술(회화)(5,6교시) - 쌍룡초등학교 : SUCCEED
PROCESSING 764: c_300097142_b1c33735-bbae-494f-b569-a9d9a5053c4b - 1,2학년 음악(난타)(1~3교시) - 염티초등학교 : SUCCEED
PROCESSING 765: c_300097142_b1c33735-bbae-494f-b569-a9d9a5053c4b - 3,4학년 음악(난타)(1~3교시) - 염티초등학교 : SUCCEED
PROCESSING 766: c_300097142_b1c33735-bbae-494f-b569-a9d9a5053c4b - 5학년 음악(난타)(1~3교시) - 염티초등학교 : SUCCEED
PROCESSING 767: c_300097142_b1c33735-bbae-494f-b569-a9d9a5053c4b - 6학년 음악(난타)(4~6교시) - 염티초등학교 : SUCCEED
PROCESSING 768: c_300097142_3541806e-1465-4e99-940f-bd575022e64a - 6학년 만화(3,4교시) - 온양초사초등학교 : SUCCEED
PROCESSING 769: c_300097142_3541806e-1465-4e99-940f-bd575022e64a - 5학년 미술(공예/디자인)(5,6교시) - 온양초사초등학교 : SUCCEED
PROCESSING 770: c_300097142_3541806e-1465-4e99-940f-bd575022e64a - 4학년 연극(1,2교시) - 온양초사초등학교 : SUCCEED
API Cooling Down for 10 Sec
PROCESSING 771: c_300097142_742ae3a7-d09f-448c-b86e-e40b54f0c005 - 1~3학년 전통악기(미니가야금)(6,7교시) - 광시중학교 : SUCCEED
PROCESSING 772: c_300097142_28ff9ad8-6da4-46c2-8200-1d7e2c49d177 - 구분없음학년 음악(난타)(7교시) - 대술중학교 : SUCCEED
PROCESSING 773: c_300097142_5d7959de-3329-447d-97b9-fbd98971c621 - 4학년 미술(3,4교시) - 수덕초등학교 : SUCCEED
PROCESSING 774: c_300097142_5d7959de-3329-447d-97b9-fbd98971c621 - 5학년 미술(5,6교시) - 수덕초등학교 : SUCCEED
PROCESSING 775: c_300097142_5d7959de-3329-447d-97b9-fbd98971c621 - 6학년 미술(5,6교시) - 수덕초등학교 : SUCCEED
PROCESSING 776: c_300097142_0bcc6a9d-d746-4543-9b22-c14c14568e92 - 1~3학년 실용음악(밴드)(5,6교시) - 신암중학교 : SUCCEED
PROCESSING 777: c_300097142_0712c1e1-463f-49ec-ba5d-14bc044bc569 - 1,2학년 연극(연극놀이)(1,2교시) - 신암초등학교 : SUCCEED
PROCESSING 778: c_300097142_0712c1e1-463f-49ec-ba5d-14bc044bc569 - 3,4학년 연극(연극놀이)(3,4교시) - 신암초등학교 : SUCCEED
PROCESSING 779: c_300097142_c56da461-51ea-409a-b538-63e0cd2316a1 - 5,6학년 전통악기(단소)(3,4교시) - 신양초등학교 : SUCCEED
PROCESSING 780: c_300097142_b316a731-aa5b-435f-b187-5e137f2e8494 - 1,2학년 음악(합창)(1교시) - 양신초등학교 : SUCCEED
API Cooling Down for 10 Sec
PROCESSING 781: c_300097142_b316a731-aa5b-435f-b187-5e137f2e8494 - 3학년 음악(합창)(2교시) - 양신초등학교 : SUCCEED
PROCESSING 782: c_300097142_b316a731-aa5b-435f-b187-5e137f2e8494 - 4학년 음악(합창)(3교시) - 양신초등학교 : SUCCEED
PROCESSING 783: c_300097142_b316a731-aa5b-435f-b187-5e137f2e8494 - 5,6학년 음악(합창)(4교시) - 양신초등학교 : SUCCEED
PROCESSING 784: c_300097142_8a0dc6b4-329f-480a-a8af-fa31890c8453 - 3,4학년 사물놀이(1,2교시) - 용동초등학교 : SUCCEED
PROCESSING 785: c_300097142_8a0dc6b4-329f-480a-a8af-fa31890c8453 - 5,6학년 무용(실용무용)(1,2교시) - 용동초등학교 : SUCCEED
PROCESSING 786: c_300097142_66186986-5dea-40ba-b7f2-262ebf83cdc8 - 3학년 사물놀이(풍물)(3교시) - 응봉초등학교 : SUCCEED
PROCESSING 787: c_300097142_66186986-5dea-40ba-b7f2-262ebf83cdc8 - 4학년 사물놀이(풍물)(2교시) - 응봉초등학교 : SUCCEED
PROCESSING 788: c_300097142_66186986-5dea-40ba-b7f2-262ebf83cdc8 - 5학년 사물놀이(풍물)(1교시) - 응봉초등학교 : SUCCEED
PROCESSING 789: c_300097142_66186986-5dea-40ba-b7f2-262ebf83cdc8 - 6학년 사물놀이(풍물)(4교시) - 응봉초등학교 : SUCCEED
PROCESSING 790: c_300097142_952d5044-8652-4e17-815f-45583ec675df - 5학년 연극(1,2교시) - 평촌초등학교 : SUCCEED
API Cooling Down for 10 Sec
PROCESSING 791: c_300097142_52a0afd2-5d6a-450b-8172-54d8cc6e2427 - 5,6학년 음악(통기타)(2~4교시) - 보산원초등학교 : SUCCEED
PROCESSING 792: c_300097142_5c355079-40ce-4247-ba04-9deb2f3bbcaf - 1,2학년 미술(창의미술)(1,2교시) - 성남초등학교 : FAIL
 - CODE : SERVICE_UNAVAILABLE - Service failure
PROCESSING 793: c_300097142_5c355079-40ce-4247-ba04-9deb2f3bbcaf - 3,4학년 미술(창의미술)(3,4교시) - 성남초등학교 : FAIL
 - CODE : SERVICE_UNAVAILABLE - Service failure
PROCESSING 794: c_300097142_5c355079-40ce-4247-ba04-9deb2f3bbcaf - 5,6학년 미술(창의미술)(5,6교시) - 성남초등학교 : FAIL
 - CODE : SERVICE_UNAVAILABLE - Service failure
PROCESSING 795: c_300097142_5c355079-40ce-4247-ba04-9deb2f3bbcaf - 1학년 음악(바이올린)(1교시) - 성남초등학교 : SUCCEED
PROCESSING 796: c_300097142_5c355079-40ce-4247-ba04-9deb2f3bbcaf - 2학년 음악(바이올린)(2교시) - 성남초등학교 : SUCCEED
PROCESSING 797: c_300097142_5c355079-40ce-4247-ba04-9deb2f3bbcaf - 3학년 음악(바이올린)(3교시) - 성남초등학교 : SUCCEED
PROCESSING 798: c_300097142_5c355079-40ce-4247-ba04-9deb2f3bbcaf - 4학년 음악(바이올린)(4교시) - 성남초등학교 : SUCCEED
PROCESSING 799: c_300097142_5c355079-40ce-4247-ba04-9deb2f3bbcaf - 5학년 음악(바이올린)(5교시) - 성남초등학교 : SUCCEED
PROCESSING 800: c_300097142_5c355079-40ce-4247-ba04-9deb2f3bbcaf - 6학년 음악(바이올린)(6교시) - 성남초등학교 : SUCCEED
API Cooling Down for 10 Sec
PROCESSING 801: c_300097142_ddd58ecb-bbbe-4db8-b812-0801e0bd1de2 - 3,4학년 무용(실용무용)(1,2교시) - 신사초등학교 : SUCCEED
PROCESSING 802: c_300097142_ddd58ecb-bbbe-4db8-b812-0801e0bd1de2 - 1,2학년 무용(실용무용)(3,4교시) - 신사초등학교 : SUCCEED
PROCESSING 803: c_300097142_ddd58ecb-bbbe-4db8-b812-0801e0bd1de2 - 5,6학년 무용(실용무용)(5,6교시) - 신사초등학교 : SUCCEED
PROCESSING 804: c_300097142_ddd58ecb-bbbe-4db8-b812-0801e0bd1de2 - 3,4학년 탈춤(1,2교시) - 신사초등학교 : SUCCEED
PROCESSING 805: c_300097142_ddd58ecb-bbbe-4db8-b812-0801e0bd1de2 - 1,2학년 탈춤(3,4교시) - 신사초등학교 : SUCCEED
PROCESSING 806: c_300097142_ddd58ecb-bbbe-4db8-b812-0801e0bd1de2 - 5,6학년 탈춤(5,6교시) - 신사초등학교 : SUCCEED
PROCESSING 807: c_300097142_ddd58ecb-bbbe-4db8-b812-0801e0bd1de2 - 3,4학년 음악(칼림바)(1,2교시) - 신사초등학교 : SUCCEED
PROCESSING 808: c_300097142_ddd58ecb-bbbe-4db8-b812-0801e0bd1de2 - 1,2학년 음악(칼림바)(3,4교시) - 신사초등학교 : SUCCEED
PROCESSING 809: c_300097142_ddd58ecb-bbbe-4db8-b812-0801e0bd1de2 - 5,6학년 음악(칼림바)(5,6교시) - 신사초등학교 : SUCCEED
PROCESSING 810: c_300097142_505065e0-f800-4dc3-aae1-8da2af101c3c - 1,2학년 전통악기(해금)(1,2교시) - 위례초등학교 : SUCCEED
API Cooling Down for 10 Sec
PROCESSING 811: c_300097142_505065e0-f800-4dc3-aae1-8da2af101c3c - 3,4학년 전통악기(해금)(3,4교시) - 위례초등학교 : SUCCEED
PROCESSING 812: c_300097142_505065e0-f800-4dc3-aae1-8da2af101c3c - 5,6학년 전통악기(해금)(5,6교시) - 위례초등학교 : SUCCEED
PROCESSING 813: c_300097142_505065e0-f800-4dc3-aae1-8da2af101c3c - 1~3학년 연극(1~3교시) - 위례초등학교 : SUCCEED
PROCESSING 814: c_300097142_505065e0-f800-4dc3-aae1-8da2af101c3c - 4~6학년 연극(4~6교시) - 위례초등학교 : SUCCEED
PROCESSING 815: c_300097142_18e62428-c06f-4faf-8b01-bc632fb6d475 - 전교생학년 무용(실용무용)(5,6교시) - 천남중학교 : FAIL
 - CODE : SERVICE_UNAVAILABLE - Service failure
PROCESSING 816: c_300097142_14db52d7-8d42-4c1b-ac1f-84cd031b976a - 1~4학년 연극(뮤지컬)(1,2교시) - 천동초등학교 : SUCCEED
PROCESSING 817: c_300097142_14db52d7-8d42-4c1b-ac1f-84cd031b976a - 5,6학년 연극(뮤지컬)(3,4교시) - 천동초등학교 : SUCCEED
PROCESSING 818: c_300097142_9584dfed-1d27-4ec8-b343-d77ff39f1fe6 - 1,2학년 영화(휴대폰촬영영화)(1,2교시) - 풍세초등학교 : SUCCEED
PROCESSING 819: c_300097142_9584dfed-1d27-4ec8-b343-d77ff39f1fe6 - 4~6학년 영화(휴대폰촬영영화)(3~6교시) - 풍세초등학교 : SUCCEED
PROCESSING 820: c_300097142_0f15ab57-f5a4-4e93-900b-9075265602a0 - 1~4학년 미술(도예)(1~3교시) - 행정초등학교 : SUCCEED
API Cooling Down for 10 Sec
PROCESSING 821: c_300097142_0f15ab57-f5a4-4e93-900b-9075265602a0 - 5,6학년 미술(도예)(4~6교시) - 행정초등학교 : SUCCEED
PROCESSING 822: c_300097142_24974f29-a7df-484d-bf73-79db32d89b65 - 2학년 만화(1,2교시) - 가남초등학교 : SUCCEED
PROCESSING 823: c_300097142_24974f29-a7df-484d-bf73-79db32d89b65 - 3학년 만화(3,4교시) - 가남초등학교 : SUCCEED
PROCESSING 824: c_300097142_24974f29-a7df-484d-bf73-79db32d89b65 - 6학년 만화(5,6교시) - 가남초등학교 : SUCCEED
PROCESSING 825: c_300097142_24974f29-a7df-484d-bf73-79db32d89b65 - 4학년 만화(1,2교시) - 가남초등학교 : SUCCEED
PROCESSING 826: c_300097142_24974f29-a7df-484d-bf73-79db32d89b65 - 1학년 만화(3,4교시) - 가남초등학교 : SUCCEED
PROCESSING 827: c_300097142_24974f29-a7df-484d-bf73-79db32d89b65 - 5학년 만화(5,6교시) - 가남초등학교 : SUCCEED
PROCESSING 828: c_300097142_057d635e-14d8-417f-86fa-825cf5aa513c - 1,2학년 연극(뮤지컬)(1,2교시) - 목면초등학교 : SUCCEED
PROCESSING 829: c_300097142_057d635e-14d8-417f-86fa-825cf5aa513c - 3,4학년 미술(서예)(3,4교시) - 목면초등학교 : SUCCEED
PROCESSING 830: c_300097142_057d635e-14d8-417f-86fa-825cf5aa513c - 5,6학년 미술(목공예)(3,4교시) - 목면초등학교 : SUCCEED
API Cooling Down for 10 Sec
PROCESSING 831: c_300097142_1ef73166-298b-45b0-ad8c-242ecffbfda5 - 1~3학년 미술(공예)(1,2교시) - 미당초등학교 : SUCCEED
PROCESSING 832: c_300097142_1ef73166-298b-45b0-ad8c-242ecffbfda5 - 5,6학년 미술(공예)(3,4교시) - 미당초등학교 : SUCCEED
PROCESSING 833: c_300097142_b42c05f1-51da-479a-8c58-5111e6a558e1 - 3,4학년 미술(회화)(3,4교시) - 운곡초등학교 : SUCCEED
PROCESSING 834: c_300097142_b42c05f1-51da-479a-8c58-5111e6a558e1 - 1,2학년 무용(발레)(3,4교시) - 운곡초등학교 : SUCCEED
PROCESSING 835: c_300097142_b42c05f1-51da-479a-8c58-5111e6a558e1 - 5,6학년 미술(회화)(5,6교시) - 운곡초등학교 : SUCCEED
PROCESSING 836: c_300097142_c5eee526-3311-4415-803d-7dd7b0c9be68 - 4~6학년 연극(1,2교시) - 장평초등학교 : SUCCEED
PROCESSING 837: c_300097142_c5eee526-3311-4415-803d-7dd7b0c9be68 - 3학년 무용(K-POP)(1,2교시) - 장평초등학교 : SUCCEED
PROCESSING 838: c_300097142_c5eee526-3311-4415-803d-7dd7b0c9be68 - 1,2학년 무용(K-POP)(3,4교시) - 장평초등학교 : SUCCEED
PROCESSING 839: c_300097142_cd49f0ef-2503-4124-86bb-455dbb071dcb - 5,6학년 연극(뮤지컬)(5,6교시) - 청송초등학교 : SUCCEED
PROCESSING 840: c_300097142_cd49f0ef-2503-4124-86bb-455dbb071dcb - 3학년 미술(서예)(1~3교시) - 청송초등학교 : SUCCEED
API Cooling Down for 10 Sec
PROCESSING 841: c_300097142_cd49f0ef-2503-4124-86bb-455dbb071dcb - 5학년 미술(서예)(4~6교시) - 청송초등학교 : SUCCEED
PROCESSING 842: c_300097142_cd49f0ef-2503-4124-86bb-455dbb071dcb - 4학년 미술(서예)(1~3교시) - 청송초등학교 : SUCCEED
PROCESSING 843: c_300097142_cd49f0ef-2503-4124-86bb-455dbb071dcb - 6학년 미술(서예)(4~6교시) - 청송초등학교 : SUCCEED
PROCESSING 844: c_300097142_cd49f0ef-2503-4124-86bb-455dbb071dcb - 3,4학년 연극(뮤지컬)(3,4교시) - 청송초등학교 : SUCCEED
PROCESSING 845: c_300097142_970b7448-16f4-4961-b0ef-bdd8289d0878 - 2학년 연극(5,6교시) - 청신여자중학교 : FAIL
 - CODE : SERVICE_UNAVAILABLE - Service failure
PROCESSING 846: c_300097142_970b7448-16f4-4961-b0ef-bdd8289d0878 - 1학년 음악(오케스트라)(5,6교시) - 청신여자중학교 : FAIL
 - CODE : SERVICE_UNAVAILABLE - Service failure
PROCESSING 847: c_300097142_d8ba36a9-7626-4497-a705-0771b17ac8de - 1,2학년 전래놀이(1~3교시) - 합천초등학교 : SUCCEED
PROCESSING 848: c_300097142_d8ba36a9-7626-4497-a705-0771b17ac8de - 5학년 음악(아카펠라)(1~3교시) - 합천초등학교 : SUCCEED
PROCESSING 849: c_300097142_d8ba36a9-7626-4497-a705-0771b17ac8de - 1,2학년 무용(발레)(1~3교시) - 합천초등학교 : SUCCEED
PROCESSING 850: c_300097142_d8ba36a9-7626-4497-a705-0771b17ac8de - 3,4학년 전통악기(1~3교시) - 합천초등학교 : SUCCEED
API Cooling Down for 10 Sec
PROCESSING 851: c_300097142_d8ba36a9-7626-4497-a705-0771b17ac8de - 6학년 실용음악(K-POP)(1~3교시) - 합천초등학교 : SUCCEED
PROCESSING 852: c_300097142_d8ba36a9-7626-4497-a705-0771b17ac8de - 3~6학년 무용(실용무용)(3,4교시) - 합천초등학교 : SUCCEED
PROCESSING 853: c_300097142_d8ba36a9-7626-4497-a705-0771b17ac8de - 3~6학년 미술(공예)(3,4교시) - 합천초등학교 : SUCCEED
PROCESSING 854: c_300097142_d8ba36a9-7626-4497-a705-0771b17ac8de - 3학년 미술(회화)(3,4교시) - 합천초등학교 : SUCCEED
PROCESSING 855: c_300097142_d8ba36a9-7626-4497-a705-0771b17ac8de - 4학년 미술(회화)(5,6교시) - 합천초등학교 : SUCCEED
PROCESSING 856: c_300097142_d8ba36a9-7626-4497-a705-0771b17ac8de - 5학년 미술(회화)(5,6교시) - 합천초등학교 : SUCCEED
PROCESSING 857: c_300097142_d8ba36a9-7626-4497-a705-0771b17ac8de - 6학년 미술(회화)(3,4교시) - 합천초등학교 : SUCCEED
PROCESSING 858: c_300097142_d8ba36a9-7626-4497-a705-0771b17ac8de - 2학년 미술(회화)(1~3교시) - 합천초등학교 : SUCCEED
PROCESSING 859: c_300097142_d8ba36a9-7626-4497-a705-0771b17ac8de - 1학년 미술(회화)(1~3교시) - 합천초등학교 : SUCCEED
PROCESSING 860: c_300097142_760d4247-1d5b-4594-8814-706a24f3d016 - 1,2학년 미술(3,4교시) - 대기초등학교 : SUCCEED
API Cooling Down for 10 Sec
PROCESSING 861: c_300097142_760d4247-1d5b-4594-8814-706a24f3d016 - 3,4학년 음악(합창)(3,4교시) - 대기초등학교 : SUCCEED
PROCESSING 862: c_300097142_91409842-6f03-4498-abd3-1bc735e0627a - 5학년 연극(뮤지컬)(1~6교시) - 백화초등학교 : SUCCEED
PROCESSING 863: c_300097142_91409842-6f03-4498-abd3-1bc735e0627a - 5학년 연극(뮤지컬)(1~6교시) - 백화초등학교 : SUCCEED
PROCESSING 864: c_300097142_a4b41212-2b30-439d-9cf4-62ba41814b9b - 5,6학년 무용(포크댄스)(2~4교시) - 삼성초등학교 : SUCCEED
PROCESSING 865: c_300097142_a4b41212-2b30-439d-9cf4-62ba41814b9b - 5,6학년 무용(현대무용)(2~4교시) - 삼성초등학교 : SUCCEED
PROCESSING 866: c_300097142_a4b41212-2b30-439d-9cf4-62ba41814b9b - 5,6학년 음악(아카펠라)(2~4교시) - 삼성초등학교 : SUCCEED
PROCESSING 867: c_300097142_fd660bf0-7bb5-4476-9381-a65c1804de1b - 1,3~6학년 무용(댄스)(1~4교시) - 소원초등학교 : SUCCEED
PROCESSING 868: c_300097142_db6cb465-c7a7-4d79-9e76-deb40e775050 - 4~6학년 실용음악(밴드)(5,6교시) - 송암초등학교 : SUCCEED
PROCESSING 869: c_300097142_db6cb465-c7a7-4d79-9e76-deb40e775050 - 4~6학년 연극(5,6교시) - 송암초등학교 : SUCCEED
PROCESSING 870: c_300097142_9f7de0e1-28be-4c13-af10-84f2c6bd1e3b - 1,2학년 강강술래(1,2교시) - 시목초등학교 : SUCCEED
API Cooling Down for 10 Sec
PROCESSING 871: c_300097142_9f7de0e1-28be-4c13-af10-84f2c6bd1e3b - 3~6학년 강강술래(3,4교시) - 시목초등학교 : SUCCEED
PROCESSING 872: c_300097142_826f427c-cf83-4ada-9553-f6449c4f33f0 - 1~3학년 연극(1,2교시) - 안중초등학교 : SUCCEED
PROCESSING 873: c_300097142_826f427c-cf83-4ada-9553-f6449c4f33f0 - 4~6학년 연극(3,4교시) - 안중초등학교 : SUCCEED
PROCESSING 874: c_300097142_85f013e4-e407-42f9-bb62-cb436e482b1f - 1~3학년 음악(아카펠라)(2~4교시) - 이원초등학교 : SUCCEED
PROCESSING 875: c_300097142_85f013e4-e407-42f9-bb62-cb436e482b1f - 4~6학년 음악(아카펠라)(2~4교시) - 이원초등학교 : SUCCEED
PROCESSING 876: c_300097142_59bb3a53-2a68-4fa1-acda-44e0a0794ac4 - 3~6학년 실용음악(K-POP/밴드)(5,6,7교시) - 창기초등학교 : SUCCEED
PROCESSING 877: c_300097142_59bb3a53-2a68-4fa1-acda-44e0a0794ac4 - 1,2학년 미술(도예)(1,2교시) - 창기초등학교 : SUCCEED
PROCESSING 878: c_300097142_59bb3a53-2a68-4fa1-acda-44e0a0794ac4 - 3~6학년 미술(도예)(3,4교시) - 창기초등학교 : SUCCEED
PROCESSING 879: c_300097142_3fd105f6-7499-40df-8051-f3143838ef6c - 2학년 국악(1,2교시) - 태안초등학교 : SUCCEED
PROCESSING 880: c_300097142_3fd105f6-7499-40df-8051-f3143838ef6c - 3학년 전통악기(장구)(2~4교시) - 태안초등학교 : SUCCEED
API Cooling Down for 10 Sec
PROCESSING 881: c_300097142_3fd105f6-7499-40df-8051-f3143838ef6c - 1학년 무용(2,3교시) - 태안초등학교 : SUCCEED
PROCESSING 882: c_300097142_3fd105f6-7499-40df-8051-f3143838ef6c - 4학년 대나무춤(1~3교시) - 태안초등학교 : SUCCEED
PROCESSING 883: c_300097142_3fd105f6-7499-40df-8051-f3143838ef6c - 5학년 음악(합창)(1~3교시) - 태안초등학교 : SUCCEED
PROCESSING 884: c_300097142_3fd105f6-7499-40df-8051-f3143838ef6c - 6학년 기악(1~3교시) - 태안초등학교 : SUCCEED
PROCESSING 885: c_300097142_eb525e8e-fef8-4958-b980-fe38f1a2a77c - 2학년 강강술래(1~4교시) - 화동초등학교 : SUCCEED
PROCESSING 886: c_300097142_eb525e8e-fef8-4958-b980-fe38f1a2a77c - 1학년 강강술래(1,2/3,4교시) - 화동초등학교 : SUCCEED
PROCESSING 887: c_300097142_eb525e8e-fef8-4958-b980-fe38f1a2a77c - 3학년 탈춤(1~3교시) - 화동초등학교 : SUCCEED
PROCESSING 888: c_300097142_bd8d3ba7-5c70-46cc-a045-1c55148b715b - 1,2학년 미술(디자인)(1,2교시) - 금당초등학교 : SUCCEED
PROCESSING 889: c_300097142_bd8d3ba7-5c70-46cc-a045-1c55148b715b - 3,4학년 미술(디자인)(3,4교시) - 금당초등학교 : SUCCEED
PROCESSING 890: c_300097142_bd8d3ba7-5c70-46cc-a045-1c55148b715b - 5,6학년 미술(디자인/서예)(5,6교시) - 금당초등학교 : SUCCEED
API Cooling Down for 10 Sec
PROCESSING 891: c_300097142_82f7a368-a025-4c13-84d0-14420c5f484c - 1,2학년 미술(기초)(3,4교시) - 서부초등학교 : SUCCEED
PROCESSING 892: c_300097142_d0d88951-7583-43f5-a669-a64b2c9c556f - 5,6학년 미술(서예)(1~3교시) - 은하초등학교 : SUCCEED
PROCESSING 893: c_300097142_d0d88951-7583-43f5-a669-a64b2c9c556f - 1,2학년 음악(아카펠라)(2~4교시) - 은하초등학교 : SUCCEED
PROCESSING 894: c_300097142_d0d88951-7583-43f5-a669-a64b2c9c556f - 3,4학년 미술(서예)(2~4교시) - 은하초등학교 : SUCCEED